Making install in src
make[1]: Entering directory `/home/avneet/libredwg/src'
/bin/bash ../libtool --tag=CC   --mode=compile gcc -DHAVE_CONFIG_H -I.     -g -O2 -MT object.lo -MD -MP -MF .deps/object.Tpo -c -o object.lo object.c
libtool: compile:  gcc -DHAVE_CONFIG_H -I. -g -O2 -MT object.lo -MD -MP -MF .deps/object.Tpo -c object.c  -fPIC -DPIC -o .libs/object.o
In file included from object.c:23:0:
./dwg.spec:38:1: warning: data definition has no type or storage class [enabled by default]
./dwg.spec:38:1: warning: parameter names (without types) in function declaration [enabled by default]
./dwg.spec:40:3: warning: data definition has no type or storage class [enabled by default]
./dwg.spec:42:1: error: unknown type name 'DWG_ENTITY_END'
./dwg.spec:45:1: warning: parameter names (without types) in function declaration [enabled by default]
./dwg.spec:47:3: error: expected identifier or '(' before 'if'
./dwg.spec:64:3: error: expected identifier or '(' before 'if'
./dwg.spec:123:3: warning: data definition has no type or storage class [enabled by default]
./dwg.spec:125:23: error: expected ')' before numeric constant
./dwg.spec:126:1: error: unknown type name 'DWG_ENTITY_END'
./dwg.spec:129:1: warning: parameter names (without types) in function declaration [enabled by default]
./dwg.spec:131:3: error: expected identifier or '(' before 'if'
./dwg.spec:148:3: error: expected identifier or '(' before 'if'
./dwg.spec:195:3: warning: data definition has no type or storage class [enabled by default]
./dwg.spec:195:3: warning: parameter names (without types) in function declaration [enabled by default]
./dwg.spec:196:3: warning: data definition has no type or storage class [enabled by default]
./dwg.spec:196:3: warning: parameter names (without types) in function declaration [enabled by default]
./dwg.spec:197:3: warning: data definition has no type or storage class [enabled by default]
./dwg.spec:197:3: warning: parameter names (without types) in function declaration [enabled by default]
./dwg.spec:199:3: error: expected identifier or '(' before 'if'
./dwg.spec:204:3: warning: data definition has no type or storage class [enabled by default]
./dwg.spec:206:23: error: expected ')' before numeric constant
./dwg.spec:208:1: error: unknown type name 'DWG_ENTITY_END'
./dwg.spec:211:1: warning: parameter names (without types) in function declaration [enabled by default]
./dwg.spec:213:3: error: expected identifier or '(' before 'if'
./dwg.spec:230:3: error: expected identifier or '(' before 'if'
./dwg.spec:277:3: warning: data definition has no type or storage class [enabled by default]
./dwg.spec:277:3: warning: parameter names (without types) in function declaration [enabled by default]
./dwg.spec:278:3: warning: data definition has no type or storage class [enabled by default]
./dwg.spec:278:3: warning: parameter names (without types) in function declaration [enabled by default]
./dwg.spec:279:3: warning: data definition has no type or storage class [enabled by default]
./dwg.spec:279:3: warning: parameter names (without types) in function declaration [enabled by default]
./dwg.spec:281:3: error: expected identifier or '(' before 'if'
./dwg.spec:286:3: warning: data definition has no type or storage class [enabled by default]
./dwg.spec:286:3: warning: parameter names (without types) in function declaration [enabled by default]
./dwg.spec:288:3: warning: data definition has no type or storage class [enabled by default]
./dwg.spec:290:23: error: expected ')' before numeric constant
./dwg.spec:292:1: error: unknown type name 'DWG_ENTITY_END'
./dwg.spec:295:1: warning: parameter names (without types) in function declaration [enabled by default]
./dwg.spec:297:3: warning: data definition has no type or storage class [enabled by default]
./dwg.spec:297:3: warning: parameter names (without types) in function declaration [enabled by default]
./dwg.spec:299:3: warning: data definition has no type or storage class [enabled by default]
./dwg.spec:301:1: error: unknown type name 'DWG_ENTITY_END'
./dwg.spec:304:1: warning: parameter names (without types) in function declaration [enabled by default]
./dwg.spec:306:3: warning: data definition has no type or storage class [enabled by default]
./dwg.spec:308:1: error: unknown type name 'DWG_ENTITY_END'
./dwg.spec:311:1: warning: parameter names (without types) in function declaration [enabled by default]
./dwg.spec:313:3: warning: data definition has no type or storage class [enabled by default]
./dwg.spec:315:1: error: unknown type name 'DWG_ENTITY_END'
./dwg.spec:318:1: warning: parameter names (without types) in function declaration [enabled by default]
./dwg.spec:320:3: warning: data definition has no type or storage class [enabled by default]
./dwg.spec:320:3: warning: parameter names (without types) in function declaration [enabled by default]
./dwg.spec:322:3: error: expected identifier or '(' before 'if'
./dwg.spec:327:3: error: expected identifier or '(' before 'if'
./dwg.spec:390:3: warning: data definition has no type or storage class [enabled by default]
./dwg.spec:390:3: warning: parameter names (without types) in function declaration [enabled by default]
./dwg.spec:391:3: warning: data definition has no type or storage class [enabled by default]
./dwg.spec:391:3: warning: parameter names (without types) in function declaration [enabled by default]
./dwg.spec:392:3: warning: data definition has no type or storage class [enabled by default]
./dwg.spec:392:3: warning: parameter names (without types) in function declaration [enabled by default]
./dwg.spec:394:3: error: expected identifier or '(' before 'if'
./dwg.spec:402:3: warning: data definition has no type or storage class [enabled by default]
./dwg.spec:404:30: error: expected ')' before numeric constant
./dwg.spec:408:3: error: expected identifier or '(' before 'if'
./dwg.spec:419:3: error: expected identifier or '(' before 'if'
./dwg.spec:427:3: error: expected identifier or '(' before 'if'
./dwg.spec:432:1: error: unknown type name 'DWG_ENTITY_END'
./dwg.spec:435:1: warning: parameter names (without types) in function declaration [enabled by default]
./dwg.spec:437:3: warning: data definition has no type or storage class [enabled by default]
./dwg.spec:437:3: warning: parameter names (without types) in function declaration [enabled by default]
./dwg.spec:439:3: error: expected identifier or '(' before 'if'
./dwg.spec:444:3: error: expected identifier or '(' before 'if'
./dwg.spec:503:3: warning: data definition has no type or storage class [enabled by default]
./dwg.spec:503:3: warning: parameter names (without types) in function declaration [enabled by default]
./dwg.spec:504:3: warning: data definition has no type or storage class [enabled by default]
./dwg.spec:504:3: warning: parameter names (without types) in function declaration [enabled by default]
./dwg.spec:505:3: warning: data definition has no type or storage class [enabled by default]
./dwg.spec:505:3: warning: parameter names (without types) in function declaration [enabled by default]
./dwg.spec:507:3: error: expected identifier or '(' before 'if'
./dwg.spec:515:3: warning: data definition has no type or storage class [enabled by default]
./dwg.spec:515:3: warning: parameter names (without types) in function declaration [enabled by default]
./dwg.spec:516:3: warning: data definition has no type or storage class [enabled by default]
./dwg.spec:516:3: warning: parameter names (without types) in function declaration [enabled by default]
./dwg.spec:517:3: warning: data definition has no type or storage class [enabled by default]
./dwg.spec:517:3: warning: parameter names (without types) in function declaration [enabled by default]
./dwg.spec:518:3: warning: data definition has no type or storage class [enabled by default]
./dwg.spec:518:3: warning: parameter names (without types) in function declaration [enabled by default]
./dwg.spec:520:3: warning: data definition has no type or storage class [enabled by default]
./dwg.spec:522:30: error: expected ')' before numeric constant
./dwg.spec:524:3: error: expected identifier or '(' before 'if'
./dwg.spec:531:3: error: expected identifier or '(' before 'if'
./dwg.spec:536:3: error: expected identifier or '(' before 'if'
./dwg.spec:541:1: error: unknown type name 'DWG_ENTITY_END'
./dwg.spec:546:1: warning: parameter names (without types) in function declaration [enabled by default]
./dwg.spec:548:3: warning: data definition has no type or storage class [enabled by default]
./dwg.spec:548:3: warning: parameter names (without types) in function declaration [enabled by default]
./dwg.spec:549:3: warning: data definition has no type or storage class [enabled by default]
./dwg.spec:549:3: warning: parameter names (without types) in function declaration [enabled by default]
./dwg.spec:556:5: error: expected '=', ',', ';', 'asm' or '__attribute__' before '{' token
./dwg.spec:571:5: error: expected '=', ',', ';', 'asm' or '__attribute__' before '{' token
./dwg.spec:586:3: warning: data definition has no type or storage class [enabled by default]
./dwg.spec:586:3: warning: parameter names (without types) in function declaration [enabled by default]
./dwg.spec:587:3: warning: data definition has no type or storage class [enabled by default]
./dwg.spec:587:3: warning: parameter names (without types) in function declaration [enabled by default]
./dwg.spec:589:3: warning: data definition has no type or storage class [enabled by default]
./dwg.spec:591:1: error: unknown type name 'DWG_ENTITY_END'
./dwg.spec:594:1: warning: parameter names (without types) in function declaration [enabled by default]
./dwg.spec:596:3: warning: data definition has no type or storage class [enabled by default]
./dwg.spec:596:3: warning: parameter names (without types) in function declaration [enabled by default]
./dwg.spec:597:3: warning: data definition has no type or storage class [enabled by default]
./dwg.spec:597:3: warning: parameter names (without types) in function declaration [enabled by default]
./dwg.spec:599:3: warning: data definition has no type or storage class [enabled by default]
./dwg.spec:601:1: error: unknown type name 'DWG_ENTITY_END'
./dwg.spec:604:1: warning: parameter names (without types) in function declaration [enabled by default]
./dwg.spec:606:3: warning: data definition has no type or storage class [enabled by default]
./dwg.spec:606:3: warning: parameter names (without types) in function declaration [enabled by default]
./dwg.spec:607:3: warning: data definition has no type or storage class [enabled by default]
./dwg.spec:607:3: warning: parameter names (without types) in function declaration [enabled by default]
./dwg.spec:609:3: warning: data definition has no type or storage class [enabled by default]
./dwg.spec:611:1: error: unknown type name 'DWG_ENTITY_END'
./dwg.spec:614:1: warning: parameter names (without types) in function declaration [enabled by default]
./dwg.spec:616:3: warning: data definition has no type or storage class [enabled by default]
./dwg.spec:616:3: warning: parameter names (without types) in function declaration [enabled by default]
./dwg.spec:617:3: warning: data definition has no type or storage class [enabled by default]
./dwg.spec:617:3: warning: parameter names (without types) in function declaration [enabled by default]
./dwg.spec:619:3: warning: data definition has no type or storage class [enabled by default]
./dwg.spec:621:1: error: unknown type name 'DWG_ENTITY_END'
./dwg.spec:624:1: warning: parameter names (without types) in function declaration [enabled by default]
./dwg.spec:626:9: error: unknown type name 'vertind'
./dwg.spec:626:21: error: unknown type name 'BS'
./dwg.spec:627:9: error: unknown type name 'vertind'
./dwg.spec:627:21: error: unknown type name 'BS'
./dwg.spec:628:9: error: unknown type name 'vertind'
./dwg.spec:628:21: error: unknown type name 'BS'
./dwg.spec:629:9: error: unknown type name 'vertind'
./dwg.spec:629:21: error: unknown type name 'BS'
./dwg.spec:631:3: warning: data definition has no type or storage class [enabled by default]
./dwg.spec:633:1: error: unknown type name 'DWG_ENTITY_END'
./dwg.spec:636:1: warning: parameter names (without types) in function declaration [enabled by default]
./dwg.spec:638:3: warning: data definition has no type or storage class [enabled by default]
./dwg.spec:638:3: warning: parameter names (without types) in function declaration [enabled by default]
./dwg.spec:639:3: warning: data definition has no type or storage class [enabled by default]
./dwg.spec:639:3: warning: parameter names (without types) in function declaration [enabled by default]
./dwg.spec:640:3: warning: data definition has no type or storage class [enabled by default]
./dwg.spec:640:3: warning: parameter names (without types) in function declaration [enabled by default]
./dwg.spec:641:3: warning: data definition has no type or storage class [enabled by default]
./dwg.spec:641:3: warning: parameter names (without types) in function declaration [enabled by default]
./dwg.spec:642:3: warning: data definition has no type or storage class [enabled by default]
./dwg.spec:642:3: warning: parameter names (without types) in function declaration [enabled by default]
./dwg.spec:643:3: warning: data definition has no type or storage class [enabled by default]
./dwg.spec:643:3: warning: parameter names (without types) in function declaration [enabled by default]
./dwg.spec:644:3: warning: data definition has no type or storage class [enabled by default]
./dwg.spec:644:3: warning: parameter names (without types) in function declaration [enabled by default]
./dwg.spec:646:3: error: expected identifier or '(' before 'if'
./dwg.spec:651:3: warning: data definition has no type or storage class [enabled by default]
./dwg.spec:653:3: error: expected identifier or '(' before 'if'
./dwg.spec:659:3: error: expected identifier or '(' before 'if'
./dwg.spec:664:24: error: expected ')' before numeric constant
./dwg.spec:666:1: error: unknown type name 'DWG_ENTITY_END'
./dwg.spec:669:1: warning: parameter names (without types) in function declaration [enabled by default]
./dwg.spec:671:3: warning: data definition has no type or storage class [enabled by default]
./dwg.spec:671:3: warning: parameter names (without types) in function declaration [enabled by default]
./dwg.spec:672:3: warning: data definition has no type or storage class [enabled by default]
./dwg.spec:672:3: warning: parameter names (without types) in function declaration [enabled by default]
./dwg.spec:674:3: error: expected identifier or '(' before 'if'
./dwg.spec:679:3: warning: data definition has no type or storage class [enabled by default]
./dwg.spec:681:3: error: expected identifier or '(' before 'if'
./dwg.spec:687:3: error: expected identifier or '(' before 'if'
./dwg.spec:692:24: error: expected ')' before numeric constant
./dwg.spec:694:1: error: unknown type name 'DWG_ENTITY_END'
./dwg.spec:697:1: warning: parameter names (without types) in function declaration [enabled by default]
./dwg.spec:699:3: warning: data definition has no type or storage class [enabled by default]
./dwg.spec:699:3: warning: parameter names (without types) in function declaration [enabled by default]
./dwg.spec:700:3: warning: data definition has no type or storage class [enabled by default]
./dwg.spec:700:3: warning: parameter names (without types) in function declaration [enabled by default]
./dwg.spec:701:3: warning: data definition has no type or storage class [enabled by default]
./dwg.spec:701:3: warning: parameter names (without types) in function declaration [enabled by default]
./dwg.spec:702:3: warning: data definition has no type or storage class [enabled by default]
./dwg.spec:702:3: warning: parameter names (without types) in function declaration [enabled by default]
./dwg.spec:703:3: warning: data definition has no type or storage class [enabled by default]
./dwg.spec:703:3: warning: parameter names (without types) in function declaration [enabled by default]
./dwg.spec:704:3: warning: data definition has no type or storage class [enabled by default]
./dwg.spec:704:3: warning: parameter names (without types) in function declaration [enabled by default]
./dwg.spec:706:3: warning: data definition has no type or storage class [enabled by default]
./dwg.spec:708:1: error: unknown type name 'DWG_ENTITY_END'
./dwg.spec:711:1: warning: parameter names (without types) in function declaration [enabled by default]
./dwg.spec:713:3: warning: data definition has no type or storage class [enabled by default]
./dwg.spec:713:3: warning: parameter names (without types) in function declaration [enabled by default]
./dwg.spec:714:3: warning: data definition has no type or storage class [enabled by default]
./dwg.spec:714:3: warning: parameter names (without types) in function declaration [enabled by default]
./dwg.spec:715:3: warning: data definition has no type or storage class [enabled by default]
./dwg.spec:715:3: warning: parameter names (without types) in function declaration [enabled by default]
./dwg.spec:716:3: warning: data definition has no type or storage class [enabled by default]
./dwg.spec:716:3: warning: parameter names (without types) in function declaration [enabled by default]
./dwg.spec:718:3: warning: data definition has no type or storage class [enabled by default]
./dwg.spec:720:1: error: unknown type name 'DWG_ENTITY_END'
./dwg.spec:723:1: warning: parameter names (without types) in function declaration [enabled by default]
./dwg.spec:725:3: error: expected identifier or '(' before 'if'
./dwg.spec:731:3: error: expected identifier or '(' before 'if'
./dwg.spec:769:3: warning: data definition has no type or storage class [enabled by default]
./dwg.spec:769:3: warning: parameter names (without types) in function declaration [enabled by default]
./dwg.spec:770:3: warning: data definition has no type or storage class [enabled by default]
./dwg.spec:770:3: warning: parameter names (without types) in function declaration [enabled by default]
./dwg.spec:772:3: warning: data definition has no type or storage class [enabled by default]
./dwg.spec:774:1: error: unknown type name 'DWG_ENTITY_END'
./dwg.spec:806:1: warning: parameter names (without types) in function declaration [enabled by default]
./dwg.spec:808:3: warning: data definition has no type or storage class [enabled by default]
./dwg.spec:808:3: warning: parameter names (without types) in function declaration [enabled by default]
./dwg.spec:808:3: warning: data definition has no type or storage class [enabled by default]
./dwg.spec:808:3: warning: parameter names (without types) in function declaration [enabled by default]
./dwg.spec:808:3: error: expected ')' before '.' token
./dwg.spec:808:3: warning: data definition has no type or storage class [enabled by default]
./dwg.spec:808:3: warning: parameter names (without types) in function declaration [enabled by default]
./dwg.spec:808:3: warning: data definition has no type or storage class [enabled by default]
./dwg.spec:808:3: warning: parameter names (without types) in function declaration [enabled by default]
./dwg.spec:808:3: warning: data definition has no type or storage class [enabled by default]
./dwg.spec:808:3: warning: parameter names (without types) in function declaration [enabled by default]
./dwg.spec:808:3: warning: data definition has no type or storage class [enabled by default]
./dwg.spec:808:3: warning: parameter names (without types) in function declaration [enabled by default]
./dwg.spec:808:3: warning: data definition has no type or storage class [enabled by default]
./dwg.spec:808:3: warning: parameter names (without types) in function declaration [enabled by default]
./dwg.spec:808:3: warning: data definition has no type or storage class [enabled by default]
./dwg.spec:808:3: warning: parameter names (without types) in function declaration [enabled by default]
./dwg.spec:808:3: error: expected identifier or '(' before 'if'
./dwg.spec:808:3: error: expected identifier or '(' before 'if'
./dwg.spec:809:3: warning: data definition has no type or storage class [enabled by default]
./dwg.spec:809:3: warning: parameter names (without types) in function declaration [enabled by default]
./dwg.spec:810:3: warning: data definition has no type or storage class [enabled by default]
./dwg.spec:810:3: warning: parameter names (without types) in function declaration [enabled by default]
./dwg.spec:811:3: warning: data definition has no type or storage class [enabled by default]
./dwg.spec:811:3: warning: parameter names (without types) in function declaration [enabled by default]
./dwg.spec:812:3: warning: data definition has no type or storage class [enabled by default]
./dwg.spec:812:3: warning: parameter names (without types) in function declaration [enabled by default]
./dwg.spec:813:3: warning: data definition has no type or storage class [enabled by default]
./dwg.spec:813:3: warning: parameter names (without types) in function declaration [enabled by default]
./dwg.spec:815:3: warning: data definition has no type or storage class [enabled by default]
./dwg.spec:816:26: error: expected ')' before numeric constant
./dwg.spec:817:23: error: expected ')' before numeric constant
./dwg.spec:819:1: error: unknown type name 'DWG_ENTITY_END'
./dwg.spec:822:1: warning: parameter names (without types) in function declaration [enabled by default]
./dwg.spec:824:3: warning: data definition has no type or storage class [enabled by default]
./dwg.spec:824:3: warning: parameter names (without types) in function declaration [enabled by default]
./dwg.spec:824:3: warning: data definition has no type or storage class [enabled by default]
./dwg.spec:824:3: warning: parameter names (without types) in function declaration [enabled by default]
./dwg.spec:824:3: error: expected ')' before '.' token
./dwg.spec:824:3: warning: data definition has no type or storage class [enabled by default]
./dwg.spec:824:3: warning: parameter names (without types) in function declaration [enabled by default]
./dwg.spec:824:3: warning: data definition has no type or storage class [enabled by default]
./dwg.spec:824:3: warning: parameter names (without types) in function declaration [enabled by default]
./dwg.spec:824:3: warning: data definition has no type or storage class [enabled by default]
./dwg.spec:824:3: warning: parameter names (without types) in function declaration [enabled by default]
./dwg.spec:824:3: warning: data definition has no type or storage class [enabled by default]
./dwg.spec:824:3: warning: parameter names (without types) in function declaration [enabled by default]
./dwg.spec:824:3: warning: data definition has no type or storage class [enabled by default]
./dwg.spec:824:3: warning: parameter names (without types) in function declaration [enabled by default]
./dwg.spec:824:3: warning: data definition has no type or storage class [enabled by default]
./dwg.spec:824:3: warning: parameter names (without types) in function declaration [enabled by default]
./dwg.spec:824:3: error: expected identifier or '(' before 'if'
./dwg.spec:824:3: error: expected identifier or '(' before 'if'
./dwg.spec:825:3: warning: data definition has no type or storage class [enabled by default]
./dwg.spec:825:3: warning: parameter names (without types) in function declaration [enabled by default]
./dwg.spec:826:3: warning: data definition has no type or storage class [enabled by default]
./dwg.spec:826:3: warning: parameter names (without types) in function declaration [enabled by default]
./dwg.spec:827:3: warning: data definition has no type or storage class [enabled by default]
./dwg.spec:827:3: warning: parameter names (without types) in function declaration [enabled by default]
./dwg.spec:828:3: warning: data definition has no type or storage class [enabled by default]
./dwg.spec:828:3: warning: parameter names (without types) in function declaration [enabled by default]
./dwg.spec:829:3: warning: data definition has no type or storage class [enabled by default]
./dwg.spec:829:3: warning: parameter names (without types) in function declaration [enabled by default]
./dwg.spec:830:3: warning: data definition has no type or storage class [enabled by default]
./dwg.spec:830:3: warning: parameter names (without types) in function declaration [enabled by default]
./dwg.spec:832:3: warning: data definition has no type or storage class [enabled by default]
./dwg.spec:833:26: error: expected ')' before numeric constant
./dwg.spec:834:23: error: expected ')' before numeric constant
./dwg.spec:836:1: error: unknown type name 'DWG_ENTITY_END'
./dwg.spec:839:1: warning: parameter names (without types) in function declaration [enabled by default]
./dwg.spec:841:3: warning: data definition has no type or storage class [enabled by default]
./dwg.spec:841:3: warning: parameter names (without types) in function declaration [enabled by default]
./dwg.spec:841:3: warning: data definition has no type or storage class [enabled by default]
./dwg.spec:841:3: warning: parameter names (without types) in function declaration [enabled by default]
./dwg.spec:841:3: error: expected ')' before '.' token
./dwg.spec:841:3: warning: data definition has no type or storage class [enabled by default]
./dwg.spec:841:3: warning: parameter names (without types) in function declaration [enabled by default]
./dwg.spec:841:3: warning: data definition has no type or storage class [enabled by default]
./dwg.spec:841:3: warning: parameter names (without types) in function declaration [enabled by default]
./dwg.spec:841:3: warning: data definition has no type or storage class [enabled by default]
./dwg.spec:841:3: warning: parameter names (without types) in function declaration [enabled by default]
./dwg.spec:841:3: warning: data definition has no type or storage class [enabled by default]
./dwg.spec:841:3: warning: parameter names (without types) in function declaration [enabled by default]
./dwg.spec:841:3: warning: data definition has no type or storage class [enabled by default]
./dwg.spec:841:3: warning: parameter names (without types) in function declaration [enabled by default]
./dwg.spec:841:3: warning: data definition has no type or storage class [enabled by default]
./dwg.spec:841:3: warning: parameter names (without types) in function declaration [enabled by default]
./dwg.spec:841:3: error: expected identifier or '(' before 'if'
./dwg.spec:841:3: error: expected identifier or '(' before 'if'
./dwg.spec:842:3: warning: data definition has no type or storage class [enabled by default]
./dwg.spec:842:3: warning: parameter names (without types) in function declaration [enabled by default]
./dwg.spec:843:3: warning: data definition has no type or storage class [enabled by default]
./dwg.spec:843:3: warning: parameter names (without types) in function declaration [enabled by default]
./dwg.spec:844:3: warning: data definition has no type or storage class [enabled by default]
./dwg.spec:844:3: warning: parameter names (without types) in function declaration [enabled by default]
./dwg.spec:845:3: warning: data definition has no type or storage class [enabled by default]
./dwg.spec:845:3: warning: parameter names (without types) in function declaration [enabled by default]
./dwg.spec:846:3: warning: data definition has no type or storage class [enabled by default]
./dwg.spec:846:3: warning: parameter names (without types) in function declaration [enabled by default]
./dwg.spec:848:3: warning: data definition has no type or storage class [enabled by default]
./dwg.spec:849:26: error: expected ')' before numeric constant
./dwg.spec:850:23: error: expected ')' before numeric constant
./dwg.spec:852:1: error: unknown type name 'DWG_ENTITY_END'
./dwg.spec:855:1: warning: parameter names (without types) in function declaration [enabled by default]
./dwg.spec:857:3: warning: data definition has no type or storage class [enabled by default]
./dwg.spec:857:3: warning: parameter names (without types) in function declaration [enabled by default]
./dwg.spec:857:3: warning: data definition has no type or storage class [enabled by default]
./dwg.spec:857:3: warning: parameter names (without types) in function declaration [enabled by default]
./dwg.spec:857:3: error: expected ')' before '.' token
./dwg.spec:857:3: warning: data definition has no type or storage class [enabled by default]
./dwg.spec:857:3: warning: parameter names (without types) in function declaration [enabled by default]
./dwg.spec:857:3: warning: data definition has no type or storage class [enabled by default]
./dwg.spec:857:3: warning: parameter names (without types) in function declaration [enabled by default]
./dwg.spec:857:3: warning: data definition has no type or storage class [enabled by default]
./dwg.spec:857:3: warning: parameter names (without types) in function declaration [enabled by default]
./dwg.spec:857:3: warning: data definition has no type or storage class [enabled by default]
./dwg.spec:857:3: warning: parameter names (without types) in function declaration [enabled by default]
./dwg.spec:857:3: warning: data definition has no type or storage class [enabled by default]
./dwg.spec:857:3: warning: parameter names (without types) in function declaration [enabled by default]
./dwg.spec:857:3: warning: data definition has no type or storage class [enabled by default]
./dwg.spec:857:3: warning: parameter names (without types) in function declaration [enabled by default]
./dwg.spec:857:3: error: expected identifier or '(' before 'if'
./dwg.spec:857:3: error: expected identifier or '(' before 'if'
./dwg.spec:858:3: warning: data definition has no type or storage class [enabled by default]
./dwg.spec:858:3: warning: parameter names (without types) in function declaration [enabled by default]
./dwg.spec:859:3: warning: data definition has no type or storage class [enabled by default]
./dwg.spec:859:3: warning: parameter names (without types) in function declaration [enabled by default]
./dwg.spec:860:3: warning: data definition has no type or storage class [enabled by default]
./dwg.spec:860:3: warning: parameter names (without types) in function declaration [enabled by default]
./dwg.spec:861:3: warning: data definition has no type or storage class [enabled by default]
./dwg.spec:861:3: warning: parameter names (without types) in function declaration [enabled by default]
./dwg.spec:862:3: warning: data definition has no type or storage class [enabled by default]
./dwg.spec:862:3: warning: parameter names (without types) in function declaration [enabled by default]
./dwg.spec:864:3: warning: data definition has no type or storage class [enabled by default]
./dwg.spec:865:26: error: expected ')' before numeric constant
./dwg.spec:866:23: error: expected ')' before numeric constant
./dwg.spec:868:1: error: unknown type name 'DWG_ENTITY_END'
./dwg.spec:871:1: warning: parameter names (without types) in function declaration [enabled by default]
./dwg.spec:873:3: warning: data definition has no type or storage class [enabled by default]
./dwg.spec:873:3: warning: parameter names (without types) in function declaration [enabled by default]
./dwg.spec:873:3: warning: data definition has no type or storage class [enabled by default]
./dwg.spec:873:3: warning: parameter names (without types) in function declaration [enabled by default]
./dwg.spec:873:3: error: expected ')' before '.' token
./dwg.spec:873:3: warning: data definition has no type or storage class [enabled by default]
./dwg.spec:873:3: warning: parameter names (without types) in function declaration [enabled by default]
./dwg.spec:873:3: warning: data definition has no type or storage class [enabled by default]
./dwg.spec:873:3: warning: parameter names (without types) in function declaration [enabled by default]
./dwg.spec:873:3: warning: data definition has no type or storage class [enabled by default]
./dwg.spec:873:3: warning: parameter names (without types) in function declaration [enabled by default]
./dwg.spec:873:3: warning: data definition has no type or storage class [enabled by default]
./dwg.spec:873:3: warning: parameter names (without types) in function declaration [enabled by default]
./dwg.spec:873:3: warning: data definition has no type or storage class [enabled by default]
./dwg.spec:873:3: warning: parameter names (without types) in function declaration [enabled by default]
./dwg.spec:873:3: warning: data definition has no type or storage class [enabled by default]
./dwg.spec:873:3: warning: parameter names (without types) in function declaration [enabled by default]
./dwg.spec:873:3: error: expected identifier or '(' before 'if'
./dwg.spec:873:3: error: expected identifier or '(' before 'if'
./dwg.spec:874:3: warning: data definition has no type or storage class [enabled by default]
./dwg.spec:874:3: warning: parameter names (without types) in function declaration [enabled by default]
./dwg.spec:875:3: warning: data definition has no type or storage class [enabled by default]
./dwg.spec:875:3: warning: parameter names (without types) in function declaration [enabled by default]
./dwg.spec:876:3: warning: data definition has no type or storage class [enabled by default]
./dwg.spec:876:3: warning: parameter names (without types) in function declaration [enabled by default]
./dwg.spec:877:3: warning: data definition has no type or storage class [enabled by default]
./dwg.spec:877:3: warning: parameter names (without types) in function declaration [enabled by default]
./dwg.spec:878:3: warning: data definition has no type or storage class [enabled by default]
./dwg.spec:878:3: warning: parameter names (without types) in function declaration [enabled by default]
./dwg.spec:879:3: warning: data definition has no type or storage class [enabled by default]
./dwg.spec:879:3: warning: parameter names (without types) in function declaration [enabled by default]
./dwg.spec:881:3: warning: data definition has no type or storage class [enabled by default]
./dwg.spec:882:26: error: expected ')' before numeric constant
./dwg.spec:883:23: error: expected ')' before numeric constant
./dwg.spec:885:1: error: unknown type name 'DWG_ENTITY_END'
./dwg.spec:888:1: warning: parameter names (without types) in function declaration [enabled by default]
./dwg.spec:890:3: warning: data definition has no type or storage class [enabled by default]
./dwg.spec:890:3: warning: parameter names (without types) in function declaration [enabled by default]
./dwg.spec:890:3: warning: data definition has no type or storage class [enabled by default]
./dwg.spec:890:3: warning: parameter names (without types) in function declaration [enabled by default]
./dwg.spec:890:3: error: expected ')' before '.' token
./dwg.spec:890:3: warning: data definition has no type or storage class [enabled by default]
./dwg.spec:890:3: warning: parameter names (without types) in function declaration [enabled by default]
./dwg.spec:890:3: warning: data definition has no type or storage class [enabled by default]
./dwg.spec:890:3: warning: parameter names (without types) in function declaration [enabled by default]
./dwg.spec:890:3: warning: data definition has no type or storage class [enabled by default]
./dwg.spec:890:3: warning: parameter names (without types) in function declaration [enabled by default]
./dwg.spec:890:3: warning: data definition has no type or storage class [enabled by default]
./dwg.spec:890:3: warning: parameter names (without types) in function declaration [enabled by default]
./dwg.spec:890:3: warning: data definition has no type or storage class [enabled by default]
./dwg.spec:890:3: warning: parameter names (without types) in function declaration [enabled by default]
./dwg.spec:890:3: warning: data definition has no type or storage class [enabled by default]
./dwg.spec:890:3: warning: parameter names (without types) in function declaration [enabled by default]
./dwg.spec:890:3: error: expected identifier or '(' before 'if'
./dwg.spec:890:3: error: expected identifier or '(' before 'if'
./dwg.spec:891:3: warning: data definition has no type or storage class [enabled by default]
./dwg.spec:891:3: warning: parameter names (without types) in function declaration [enabled by default]
./dwg.spec:892:3: warning: data definition has no type or storage class [enabled by default]
./dwg.spec:892:3: warning: parameter names (without types) in function declaration [enabled by default]
./dwg.spec:893:3: warning: data definition has no type or storage class [enabled by default]
./dwg.spec:893:3: warning: parameter names (without types) in function declaration [enabled by default]
./dwg.spec:894:3: warning: data definition has no type or storage class [enabled by default]
./dwg.spec:894:3: warning: parameter names (without types) in function declaration [enabled by default]
./dwg.spec:896:3: warning: data definition has no type or storage class [enabled by default]
./dwg.spec:897:26: error: expected ')' before numeric constant
./dwg.spec:898:23: error: expected ')' before numeric constant
./dwg.spec:900:1: error: unknown type name 'DWG_ENTITY_END'
./dwg.spec:903:1: warning: parameter names (without types) in function declaration [enabled by default]
./dwg.spec:905:3: warning: data definition has no type or storage class [enabled by default]
./dwg.spec:905:3: warning: parameter names (without types) in function declaration [enabled by default]
./dwg.spec:905:3: warning: data definition has no type or storage class [enabled by default]
./dwg.spec:905:3: warning: parameter names (without types) in function declaration [enabled by default]
./dwg.spec:905:3: error: expected ')' before '.' token
./dwg.spec:905:3: warning: data definition has no type or storage class [enabled by default]
./dwg.spec:905:3: warning: parameter names (without types) in function declaration [enabled by default]
./dwg.spec:905:3: warning: data definition has no type or storage class [enabled by default]
./dwg.spec:905:3: warning: parameter names (without types) in function declaration [enabled by default]
./dwg.spec:905:3: warning: data definition has no type or storage class [enabled by default]
./dwg.spec:905:3: warning: parameter names (without types) in function declaration [enabled by default]
./dwg.spec:905:3: warning: data definition has no type or storage class [enabled by default]
./dwg.spec:905:3: warning: parameter names (without types) in function declaration [enabled by default]
./dwg.spec:905:3: warning: data definition has no type or storage class [enabled by default]
./dwg.spec:905:3: warning: parameter names (without types) in function declaration [enabled by default]
./dwg.spec:905:3: warning: data definition has no type or storage class [enabled by default]
./dwg.spec:905:3: warning: parameter names (without types) in function declaration [enabled by default]
./dwg.spec:905:3: error: expected identifier or '(' before 'if'
./dwg.spec:905:3: error: expected identifier or '(' before 'if'
./dwg.spec:906:3: warning: data definition has no type or storage class [enabled by default]
./dwg.spec:906:3: warning: parameter names (without types) in function declaration [enabled by default]
./dwg.spec:907:3: warning: data definition has no type or storage class [enabled by default]
./dwg.spec:907:3: warning: parameter names (without types) in function declaration [enabled by default]
./dwg.spec:908:3: warning: data definition has no type or storage class [enabled by default]
./dwg.spec:908:3: warning: parameter names (without types) in function declaration [enabled by default]
./dwg.spec:909:3: warning: data definition has no type or storage class [enabled by default]
./dwg.spec:909:3: warning: parameter names (without types) in function declaration [enabled by default]
./dwg.spec:911:3: warning: data definition has no type or storage class [enabled by default]
./dwg.spec:912:26: error: expected ')' before numeric constant
./dwg.spec:913:23: error: expected ')' before numeric constant
./dwg.spec:915:1: error: unknown type name 'DWG_ENTITY_END'
./dwg.spec:918:1: warning: parameter names (without types) in function declaration [enabled by default]
./dwg.spec:920:3: warning: data definition has no type or storage class [enabled by default]
./dwg.spec:920:3: warning: parameter names (without types) in function declaration [enabled by default]
./dwg.spec:921:3: warning: data definition has no type or storage class [enabled by default]
./dwg.spec:921:3: warning: parameter names (without types) in function declaration [enabled by default]
./dwg.spec:922:3: warning: data definition has no type or storage class [enabled by default]
./dwg.spec:922:3: warning: parameter names (without types) in function declaration [enabled by default]
./dwg.spec:923:3: warning: data definition has no type or storage class [enabled by default]
./dwg.spec:923:3: warning: parameter names (without types) in function declaration [enabled by default]
./dwg.spec:924:3: warning: data definition has no type or storage class [enabled by default]
./dwg.spec:924:3: warning: parameter names (without types) in function declaration [enabled by default]
./dwg.spec:925:3: warning: data definition has no type or storage class [enabled by default]
./dwg.spec:925:3: warning: parameter names (without types) in function declaration [enabled by default]
./dwg.spec:927:3: warning: data definition has no type or storage class [enabled by default]
./dwg.spec:929:1: error: unknown type name 'DWG_ENTITY_END'
./dwg.spec:932:1: warning: parameter names (without types) in function declaration [enabled by default]
./dwg.spec:934:3: error: expected identifier or '(' before 'if'
./dwg.spec:943:3: error: expected identifier or '(' before 'if'
./dwg.spec:985:3: warning: data definition has no type or storage class [enabled by default]
./dwg.spec:987:1: error: unknown type name 'DWG_ENTITY_END'
./dwg.spec:990:1: warning: parameter names (without types) in function declaration [enabled by default]
./dwg.spec:992:3: warning: data definition has no type or storage class [enabled by default]
./dwg.spec:992:3: warning: parameter names (without types) in function declaration [enabled by default]
./dwg.spec:993:3: warning: data definition has no type or storage class [enabled by default]
./dwg.spec:993:3: warning: parameter names (without types) in function declaration [enabled by default]
./dwg.spec:995:3: error: expected identifier or '(' before 'if'
./dwg.spec:1000:3: warning: data definition has no type or storage class [enabled by default]
./dwg.spec:1002:3: error: expected identifier or '(' before 'if'
./dwg.spec:1007:3: error: expected identifier or '(' before 'if'
./dwg.spec:1011:24: error: expected ')' before numeric constant
./dwg.spec:1013:1: error: unknown type name 'DWG_ENTITY_END'
./dwg.spec:1016:1: warning: parameter names (without types) in function declaration [enabled by default]
./dwg.spec:1018:3: warning: data definition has no type or storage class [enabled by default]
./dwg.spec:1018:3: warning: parameter names (without types) in function declaration [enabled by default]
./dwg.spec:1019:3: warning: data definition has no type or storage class [enabled by default]
./dwg.spec:1019:3: warning: parameter names (without types) in function declaration [enabled by default]
./dwg.spec:1020:3: warning: data definition has no type or storage class [enabled by default]
./dwg.spec:1020:3: warning: parameter names (without types) in function declaration [enabled by default]
./dwg.spec:1021:3: warning: data definition has no type or storage class [enabled by default]
./dwg.spec:1021:3: warning: parameter names (without types) in function declaration [enabled by default]
./dwg.spec:1022:3: warning: data definition has no type or storage class [enabled by default]
./dwg.spec:1022:3: warning: parameter names (without types) in function declaration [enabled by default]
./dwg.spec:1023:3: warning: data definition has no type or storage class [enabled by default]
./dwg.spec:1023:3: warning: parameter names (without types) in function declaration [enabled by default]
./dwg.spec:1025:3: error: expected identifier or '(' before 'if'
./dwg.spec:1030:3: warning: data definition has no type or storage class [enabled by default]
./dwg.spec:1032:3: error: expected identifier or '(' before 'if'
./dwg.spec:1037:3: error: expected identifier or '(' before 'if'
./dwg.spec:1041:24: error: expected ')' before numeric constant
./dwg.spec:1043:1: error: unknown type name 'DWG_ENTITY_END'
./dwg.spec:1046:1: warning: parameter names (without types) in function declaration [enabled by default]
./dwg.spec:1048:3: warning: data definition has no type or storage class [enabled by default]
./dwg.spec:1048:3: warning: parameter names (without types) in function declaration [enabled by default]
./dwg.spec:1049:3: warning: data definition has no type or storage class [enabled by default]
./dwg.spec:1049:3: warning: parameter names (without types) in function declaration [enabled by default]
./dwg.spec:1050:3: warning: data definition has no type or storage class [enabled by default]
./dwg.spec:1050:3: warning: parameter names (without types) in function declaration [enabled by default]
./dwg.spec:1051:3: warning: data definition has no type or storage class [enabled by default]
./dwg.spec:1051:3: warning: parameter names (without types) in function declaration [enabled by default]
./dwg.spec:1052:3: warning: data definition has no type or storage class [enabled by default]
./dwg.spec:1052:3: warning: parameter names (without types) in function declaration [enabled by default]
./dwg.spec:1053:3: warning: data definition has no type or storage class [enabled by default]
./dwg.spec:1053:3: warning: parameter names (without types) in function declaration [enabled by default]
./dwg.spec:1054:3: warning: data definition has no type or storage class [enabled by default]
./dwg.spec:1054:3: warning: parameter names (without types) in function declaration [enabled by default]
./dwg.spec:1056:3: warning: data definition has no type or storage class [enabled by default]
./dwg.spec:1058:1: error: unknown type name 'DWG_ENTITY_END'
./dwg.spec:1061:1: warning: parameter names (without types) in function declaration [enabled by default]
./dwg.spec:1063:3: warning: data definition has no type or storage class [enabled by default]
./dwg.spec:1063:3: warning: parameter names (without types) in function declaration [enabled by default]
./dwg.spec:1064:3: warning: data definition has no type or storage class [enabled by default]
./dwg.spec:1064:3: warning: parameter names (without types) in function declaration [enabled by default]
./dwg.spec:1065:3: warning: data definition has no type or storage class [enabled by default]
./dwg.spec:1065:3: warning: parameter names (without types) in function declaration [enabled by default]
./dwg.spec:1066:3: warning: data definition has no type or storage class [enabled by default]
./dwg.spec:1066:3: warning: parameter names (without types) in function declaration [enabled by default]
./dwg.spec:1067:3: warning: data definition has no type or storage class [enabled by default]
./dwg.spec:1067:3: warning: parameter names (without types) in function declaration [enabled by default]
./dwg.spec:1068:3: warning: data definition has no type or storage class [enabled by default]
./dwg.spec:1068:3: warning: parameter names (without types) in function declaration [enabled by default]
./dwg.spec:1069:3: warning: data definition has no type or storage class [enabled by default]
./dwg.spec:1069:3: warning: parameter names (without types) in function declaration [enabled by default]
./dwg.spec:1071:3: warning: data definition has no type or storage class [enabled by default]
./dwg.spec:1073:1: error: unknown type name 'DWG_ENTITY_END'
./dwg.spec:1076:1: warning: parameter names (without types) in function declaration [enabled by default]
./dwg.spec:1078:3: warning: data definition has no type or storage class [enabled by default]
./dwg.spec:1078:3: warning: parameter names (without types) in function declaration [enabled by default]
./dwg.spec:1079:3: warning: data definition has no type or storage class [enabled by default]
./dwg.spec:1079:3: warning: parameter names (without types) in function declaration [enabled by default]
./dwg.spec:1080:3: warning: data definition has no type or storage class [enabled by default]
./dwg.spec:1080:3: warning: parameter names (without types) in function declaration [enabled by default]
./dwg.spec:1081:3: warning: data definition has no type or storage class [enabled by default]
./dwg.spec:1081:3: warning: parameter names (without types) in function declaration [enabled by default]
./dwg.spec:1082:3: warning: data definition has no type or storage class [enabled by default]
./dwg.spec:1082:3: warning: parameter names (without types) in function declaration [enabled by default]
./dwg.spec:1083:3: warning: data definition has no type or storage class [enabled by default]
./dwg.spec:1083:3: warning: parameter names (without types) in function declaration [enabled by default]
./dwg.spec:1084:3: warning: data definition has no type or storage class [enabled by default]
./dwg.spec:1084:3: warning: parameter names (without types) in function declaration [enabled by default]
./dwg.spec:1085:3: warning: data definition has no type or storage class [enabled by default]
./dwg.spec:1085:3: warning: parameter names (without types) in function declaration [enabled by default]
./dwg.spec:1087:3: warning: data definition has no type or storage class [enabled by default]
./dwg.spec:1088:27: error: expected ')' before numeric constant
./dwg.spec:1090:1: error: unknown type name 'DWG_ENTITY_END'
./dwg.spec:1093:1: warning: parameter names (without types) in function declaration [enabled by default]
./dwg.spec:1095:3: warning: data definition has no type or storage class [enabled by default]
./dwg.spec:1095:3: warning: parameter names (without types) in function declaration [enabled by default]
./dwg.spec:1096:3: warning: data definition has no type or storage class [enabled by default]
./dwg.spec:1096:3: warning: parameter names (without types) in function declaration [enabled by default]
./dwg.spec:1097:3: warning: data definition has no type or storage class [enabled by default]
./dwg.spec:1097:3: warning: parameter names (without types) in function declaration [enabled by default]
./dwg.spec:1099:3: error: expected identifier or '(' before 'if'
./dwg.spec:1116:3: error: expected identifier or '(' before 'if'
./dwg.spec:1121:3: error: expected identifier or '(' before 'if'
./dwg.spec:1136:3: error: expected identifier or '(' before 'if'
./dwg.spec:1141:3: error: expected identifier or '(' before 'if'
./dwg.spec:1150:3: warning: data definition has no type or storage class [enabled by default]
./dwg.spec:1152:1: error: unknown type name 'DWG_ENTITY_END'
./dwg.spec:1155:1: warning: parameter names (without types) in function declaration [enabled by default]
./dwg.spec:1157:3: warning: data definition has no type or storage class [enabled by default]
./dwg.spec:1157:3: warning: parameter names (without types) in function declaration [enabled by default]
./dwg.spec:1158:3: warning: data definition has no type or storage class [enabled by default]
./dwg.spec:1158:3: warning: parameter names (without types) in function declaration [enabled by default]
./dwg.spec:1159:3: warning: data definition has no type or storage class [enabled by default]
./dwg.spec:1159:3: warning: parameter names (without types) in function declaration [enabled by default]
./dwg.spec:1160:3: warning: data definition has no type or storage class [enabled by default]
./dwg.spec:1160:3: warning: parameter names (without types) in function declaration [enabled by default]
./dwg.spec:1161:3: warning: data definition has no type or storage class [enabled by default]
./dwg.spec:1161:3: warning: parameter names (without types) in function declaration [enabled by default]
./dwg.spec:1162:3: warning: data definition has no type or storage class [enabled by default]
./dwg.spec:1162:3: warning: parameter names (without types) in function declaration [enabled by default]
./dwg.spec:1164:3: warning: data definition has no type or storage class [enabled by default]
./dwg.spec:1166:1: error: unknown type name 'DWG_ENTITY_END'
./dwg.spec:1169:1: warning: parameter names (without types) in function declaration [enabled by default]
./dwg.spec:1171:3: warning: data definition has no type or storage class [enabled by default]
./dwg.spec:1171:3: warning: parameter names (without types) in function declaration [enabled by default]
./dwg.spec:1172:3: error: expected identifier or '(' before 'if'
./dwg.spec:1177:3: warning: data definition has no type or storage class [enabled by default]
./dwg.spec:1177:3: warning: parameter names (without types) in function declaration [enabled by default]
./dwg.spec:1178:3: error: expected identifier or '(' before 'if'
./dwg.spec:1189:3: error: expected identifier or '(' before 'if'
./dwg.spec:1200:28: error: expected ')' before 'double'
./dwg.spec:1205:34: error: expected ')' before 'Dwg_Entity_SPLINE_control_point'
./dwg.spec:1224:3: warning: data definition has no type or storage class [enabled by default]
./dwg.spec:1225:1: error: unknown type name 'DWG_ENTITY_END'
./dwg.spec:1380:1: warning: parameter names (without types) in function declaration [enabled by default]
./dwg.spec:1382:5: error: expected '=', ',', ';', 'asm' or '__attribute__' before '{' token
./dwg.spec:1386:5: error: expected '=', ',', ';', 'asm' or '__attribute__' before '{' token
./dwg.spec:1389:1: error: unknown type name 'DWG_ENTITY_END'
./dwg.spec:1392:1: warning: parameter names (without types) in function declaration [enabled by default]
./dwg.spec:1394:5: error: expected '=', ',', ';', 'asm' or '__attribute__' before '{' token
./dwg.spec:1398:5: error: expected '=', ',', ';', 'asm' or '__attribute__' before '{' token
./dwg.spec:1401:1: error: unknown type name 'DWG_ENTITY_END'
./dwg.spec:1404:1: warning: parameter names (without types) in function declaration [enabled by default]
./dwg.spec:1406:5: error: expected '=', ',', ';', 'asm' or '__attribute__' before '{' token
./dwg.spec:1410:5: error: expected '=', ',', ';', 'asm' or '__attribute__' before '{' token
./dwg.spec:1413:1: error: unknown type name 'DWG_ENTITY_END'
./dwg.spec:1416:1: warning: parameter names (without types) in function declaration [enabled by default]
./dwg.spec:1418:3: warning: data definition has no type or storage class [enabled by default]
./dwg.spec:1418:3: warning: parameter names (without types) in function declaration [enabled by default]
./dwg.spec:1419:3: warning: data definition has no type or storage class [enabled by default]
./dwg.spec:1419:3: warning: parameter names (without types) in function declaration [enabled by default]
./dwg.spec:1421:3: warning: data definition has no type or storage class [enabled by default]
./dwg.spec:1423:1: error: unknown type name 'DWG_ENTITY_END'
./dwg.spec:1426:1: warning: parameter names (without types) in function declaration [enabled by default]
./dwg.spec:1428:3: warning: data definition has no type or storage class [enabled by default]
./dwg.spec:1428:3: warning: parameter names (without types) in function declaration [enabled by default]
./dwg.spec:1429:3: warning: data definition has no type or storage class [enabled by default]
./dwg.spec:1429:3: warning: parameter names (without types) in function declaration [enabled by default]
./dwg.spec:1431:3: warning: data definition has no type or storage class [enabled by default]
./dwg.spec:1433:1: error: unknown type name 'DWG_ENTITY_END'
./dwg.spec:1436:1: warning: parameter names (without types) in function declaration [enabled by default]
./dwg.spec:1438:3: warning: data definition has no type or storage class [enabled by default]
./dwg.spec:1438:3: warning: parameter names (without types) in function declaration [enabled by default]
./dwg.spec:1440:3: error: expected identifier or '(' before 'if'
./dwg.spec:1445:3: error: expected identifier or '(' before 'if'
./dwg.spec:1451:3: error: expected identifier or '(' before 'if'
./dwg.spec:1460:3: warning: data definition has no type or storage class [enabled by default]
./dwg.spec:1460:3: warning: parameter names (without types) in function declaration [enabled by default]
./dwg.spec:1461:30: error: expected ')' before numeric constant
./dwg.spec:1462:12: error: expected declaration specifiers or '...' before numeric constant
./dwg.spec:1463:17: error: expected declaration specifiers or '...' before numeric constant
./dwg.spec:1464:40: error: expected ')' before numeric constant
./dwg.spec:1466:1: error: unknown type name 'DWG_ENTITY_END'
./dwg.spec:1468:1: warning: parameter names (without types) in function declaration [enabled by default]
./dwg.spec:1470:3: warning: data definition has no type or storage class [enabled by default]
./dwg.spec:1470:3: warning: parameter names (without types) in function declaration [enabled by default]
./dwg.spec:1472:3: error: expected identifier or '(' before 'if'
./dwg.spec:1477:3: error: expected identifier or '(' before 'if'
./dwg.spec:1483:3: warning: data definition has no type or storage class [enabled by default]
./dwg.spec:1483:3: warning: parameter names (without types) in function declaration [enabled by default]
./dwg.spec:1485:30: error: expected ')' before numeric constant
./dwg.spec:1486:12: error: expected declaration specifiers or '...' before numeric constant
./dwg.spec:1487:17: error: expected declaration specifiers or '...' before numeric constant
./dwg.spec:1489:40: error: expected ')' before numeric constant
./dwg.spec:1491:27: error: expected ')' before numeric constant
./dwg.spec:1493:1: error: unknown type name 'DWG_OBJECT_END'
./dwg.spec:1498:1: warning: parameter names (without types) in function declaration [enabled by default]
./dwg.spec:1501:3: warning: data definition has no type or storage class [enabled by default]
./dwg.spec:1501:3: warning: parameter names (without types) in function declaration [enabled by default]
./dwg.spec:1502:3: warning: data definition has no type or storage class [enabled by default]
./dwg.spec:1502:3: warning: parameter names (without types) in function declaration [enabled by default]
./dwg.spec:1503:3: warning: data definition has no type or storage class [enabled by default]
./dwg.spec:1503:3: warning: parameter names (without types) in function declaration [enabled by default]
./dwg.spec:1505:3: error: expected identifier or '(' before 'if'
./dwg.spec:1510:3: warning: data definition has no type or storage class [enabled by default]
./dwg.spec:1510:3: warning: parameter names (without types) in function declaration [enabled by default]
./dwg.spec:1511:3: warning: data definition has no type or storage class [enabled by default]
./dwg.spec:1511:3: warning: parameter names (without types) in function declaration [enabled by default]
./dwg.spec:1512:3: warning: data definition has no type or storage class [enabled by default]
./dwg.spec:1512:3: warning: parameter names (without types) in function declaration [enabled by default]
./dwg.spec:1513:3: warning: data definition has no type or storage class [enabled by default]
./dwg.spec:1513:3: warning: parameter names (without types) in function declaration [enabled by default]
./dwg.spec:1514:3: warning: data definition has no type or storage class [enabled by default]
./dwg.spec:1514:3: warning: parameter names (without types) in function declaration [enabled by default]
./dwg.spec:1515:3: warning: data definition has no type or storage class [enabled by default]
./dwg.spec:1515:3: warning: parameter names (without types) in function declaration [enabled by default]
./dwg.spec:1516:3: warning: data definition has no type or storage class [enabled by default]
./dwg.spec:1516:3: warning: parameter names (without types) in function declaration [enabled by default]
./dwg.spec:1518:3: error: expected identifier or '(' before 'if'
./dwg.spec:1525:3: error: expected identifier or '(' before 'if'
./dwg.spec:1530:3: warning: data definition has no type or storage class [enabled by default]
./dwg.spec:1532:23: error: expected ')' before numeric constant
./dwg.spec:1534:1: error: unknown type name 'DWG_ENTITY_END'
./dwg.spec:1537:1: warning: parameter names (without types) in function declaration [enabled by default]
./dwg.spec:1539:3: warning: data definition has no type or storage class [enabled by default]
./dwg.spec:1539:3: warning: parameter names (without types) in function declaration [enabled by default]
./dwg.spec:1540:3: warning: data definition has no type or storage class [enabled by default]
./dwg.spec:1540:3: warning: parameter names (without types) in function declaration [enabled by default]
./dwg.spec:1541:3: warning: data definition has no type or storage class [enabled by default]
./dwg.spec:1541:3: warning: parameter names (without types) in function declaration [enabled by default]
./dwg.spec:1542:3: warning: data definition has no type or storage class [enabled by default]
./dwg.spec:1542:3: warning: parameter names (without types) in function declaration [enabled by default]
./dwg.spec:1543:3: warning: data definition has no type or storage class [enabled by default]
./dwg.spec:1543:3: warning: parameter names (without types) in function declaration [enabled by default]
./dwg.spec:1544:3: warning: data definition has no type or storage class [enabled by default]
./dwg.spec:1544:3: warning: parameter names (without types) in function declaration [enabled by default]
./dwg.spec:1545:3: warning: data definition has no type or storage class [enabled by default]
./dwg.spec:1545:3: warning: parameter names (without types) in function declaration [enabled by default]
./dwg.spec:1546:3: warning: data definition has no type or storage class [enabled by default]
./dwg.spec:1546:3: warning: parameter names (without types) in function declaration [enabled by default]
./dwg.spec:1547:3: warning: data definition has no type or storage class [enabled by default]
./dwg.spec:1547:3: warning: parameter names (without types) in function declaration [enabled by default]
./dwg.spec:1549:3: error: expected identifier or '(' before 'if'
./dwg.spec:1554:3: error: expected identifier or '(' before 'if'
./dwg.spec:1559:3: warning: data definition has no type or storage class [enabled by default]
./dwg.spec:1559:3: warning: parameter names (without types) in function declaration [enabled by default]
./dwg.spec:1560:3: warning: data definition has no type or storage class [enabled by default]
./dwg.spec:1560:3: warning: parameter names (without types) in function declaration [enabled by default]
./dwg.spec:1561:3: warning: data definition has no type or storage class [enabled by default]
./dwg.spec:1561:3: warning: parameter names (without types) in function declaration [enabled by default]
./dwg.spec:1562:3: warning: data definition has no type or storage class [enabled by default]
./dwg.spec:1562:3: warning: parameter names (without types) in function declaration [enabled by default]
./dwg.spec:1564:3: error: expected identifier or '(' before 'if'
./dwg.spec:1576:3: error: expected identifier or '(' before 'if'
./dwg.spec:1583:3: warning: data definition has no type or storage class [enabled by default]
./dwg.spec:1594:1: error: unknown type name 'DWG_ENTITY_END'
./dwg.spec:1597:1: warning: parameter names (without types) in function declaration [enabled by default]
./dwg.spec:1599:3: error: expected identifier or '(' before 'if'
./dwg.spec:1606:3: warning: data definition has no type or storage class [enabled by default]
./dwg.spec:1606:3: warning: parameter names (without types) in function declaration [enabled by default]
./dwg.spec:1607:3: warning: data definition has no type or storage class [enabled by default]
./dwg.spec:1607:3: warning: parameter names (without types) in function declaration [enabled by default]
./dwg.spec:1608:3: warning: data definition has no type or storage class [enabled by default]
./dwg.spec:1608:3: warning: parameter names (without types) in function declaration [enabled by default]
./dwg.spec:1609:3: warning: data definition has no type or storage class [enabled by default]
./dwg.spec:1609:3: warning: parameter names (without types) in function declaration [enabled by default]
./dwg.spec:1611:3: warning: data definition has no type or storage class [enabled by default]
./dwg.spec:1612:26: error: expected ')' before numeric constant
./dwg.spec:1614:1: error: unknown type name 'DWG_ENTITY_END'
./dwg.spec:1617:1: warning: parameter names (without types) in function declaration [enabled by default]
./dwg.spec:1619:3: warning: data definition has no type or storage class [enabled by default]
./dwg.spec:1619:3: warning: parameter names (without types) in function declaration [enabled by default]
./dwg.spec:1620:3: warning: data definition has no type or storage class [enabled by default]
./dwg.spec:1620:3: warning: parameter names (without types) in function declaration [enabled by default]
./dwg.spec:1621:3: warning: data definition has no type or storage class [enabled by default]
./dwg.spec:1621:3: warning: parameter names (without types) in function declaration [enabled by default]
./dwg.spec:1622:3: warning: data definition has no type or storage class [enabled by default]
./dwg.spec:1622:3: warning: parameter names (without types) in function declaration [enabled by default]
./dwg.spec:1623:3: warning: data definition has no type or storage class [enabled by default]
./dwg.spec:1623:3: warning: parameter names (without types) in function declaration [enabled by default]
./dwg.spec:1624:3: warning: data definition has no type or storage class [enabled by default]
./dwg.spec:1624:3: warning: parameter names (without types) in function declaration [enabled by default]
./dwg.spec:1625:3: warning: data definition has no type or storage class [enabled by default]
./dwg.spec:1625:3: warning: parameter names (without types) in function declaration [enabled by default]
./dwg.spec:1627:28: error: expected ')' before 'Dwg_Entity_MLINE_vert'
./dwg.spec:1649:3: warning: data definition has no type or storage class [enabled by default]
./dwg.spec:1650:29: error: expected ')' before numeric constant
./dwg.spec:1652:1: error: unknown type name 'DWG_ENTITY_END'
./dwg.spec:1655:1: warning: parameter names (without types) in function declaration [enabled by default]
./dwg.spec:1657:3: warning: data definition has no type or storage class [enabled by default]
./dwg.spec:1657:3: warning: parameter names (without types) in function declaration [enabled by default]
./dwg.spec:1658:29: error: expected ')' before numeric constant
./dwg.spec:1659:17: error: expected declaration specifiers or '...' before numeric constant
./dwg.spec:1660:45: error: expected ')' before numeric constant
./dwg.spec:1661:28: error: expected ')' before numeric constant
./dwg.spec:1662:28: error: expected ')' before numeric constant
./dwg.spec:1664:1: error: unknown type name 'DWG_OBJECT_END'
./dwg.spec:1667:1: warning: parameter names (without types) in function declaration [enabled by default]
./dwg.spec:1669:3: warning: data definition has no type or storage class [enabled by default]
./dwg.spec:1669:3: warning: parameter names (without types) in function declaration [enabled by default]
./dwg.spec:1670:3: warning: data definition has no type or storage class [enabled by default]
./dwg.spec:1670:3: warning: parameter names (without types) in function declaration [enabled by default]
./dwg.spec:1671:3: warning: data definition has no type or storage class [enabled by default]
./dwg.spec:1671:3: warning: parameter names (without types) in function declaration [enabled by default]
./dwg.spec:1672:3: warning: data definition has no type or storage class [enabled by default]
./dwg.spec:1672:3: warning: parameter names (without types) in function declaration [enabled by default]
./dwg.spec:1673:3: warning: data definition has no type or storage class [enabled by default]
./dwg.spec:1673:3: warning: parameter names (without types) in function declaration [enabled by default]
./dwg.spec:1674:3: warning: data definition has no type or storage class [enabled by default]
./dwg.spec:1674:3: warning: parameter names (without types) in function declaration [enabled by default]
./dwg.spec:1675:3: warning: data definition has no type or storage class [enabled by default]
./dwg.spec:1675:3: warning: parameter names (without types) in function declaration [enabled by default]
./dwg.spec:1676:3: warning: data definition has no type or storage class [enabled by default]
./dwg.spec:1676:3: warning: parameter names (without types) in function declaration [enabled by default]
./dwg.spec:1678:3: error: expected identifier or '(' before 'if'
./dwg.spec:1683:3: error: expected identifier or '(' before 'if'
./dwg.spec:1688:3: warning: data definition has no type or storage class [enabled by default]
./dwg.spec:1688:3: warning: parameter names (without types) in function declaration [enabled by default]
./dwg.spec:1689:3: warning: data definition has no type or storage class [enabled by default]
./dwg.spec:1689:3: warning: parameter names (without types) in function declaration [enabled by default]
./dwg.spec:1691:3: error: expected identifier or '(' before 'if'
./dwg.spec:1707:3: error: expected identifier or '(' before 'if'
./dwg.spec:1714:38: error: expected ')' before numeric constant
./dwg.spec:1715:12: error: expected declaration specifiers or '...' before numeric constant
./dwg.spec:1716:17: error: expected declaration specifiers or '...' before numeric constant
./dwg.spec:1717:29: error: expected ')' before numeric constant
./dwg.spec:1718:30: error: expected ')' before numeric constant
./dwg.spec:1720:3: error: expected identifier or '(' before 'if'
./dwg.spec:1729:3: error: expected identifier or '(' before 'if'
./dwg.spec:1734:31: error: expected ')' before numeric constant
./dwg.spec:1736:3: error: expected identifier or '(' before 'if'
./dwg.spec:1742:1: error: unknown type name 'DWG_OBJECT_END'
./dwg.spec:1745:1: warning: parameter names (without types) in function declaration [enabled by default]
./dwg.spec:1747:3: warning: data definition has no type or storage class [enabled by default]
./dwg.spec:1747:3: warning: parameter names (without types) in function declaration [enabled by default]
./dwg.spec:1748:29: error: expected ')' before numeric constant
./dwg.spec:1749:17: error: expected declaration specifiers or '...' before numeric constant
./dwg.spec:1750:38: error: expected ')' before numeric constant
./dwg.spec:1752:1: error: unknown type name 'DWG_OBJECT_END'
./dwg.spec:1755:1: warning: parameter names (without types) in function declaration [enabled by default]
./dwg.spec:1757:3: warning: data definition has no type or storage class [enabled by default]
./dwg.spec:1757:3: warning: parameter names (without types) in function declaration [enabled by default]
./dwg.spec:1758:3: warning: data definition has no type or storage class [enabled by default]
./dwg.spec:1758:3: warning: parameter names (without types) in function declaration [enabled by default]
./dwg.spec:1759:3: warning: data definition has no type or storage class [enabled by default]
./dwg.spec:1759:3: warning: parameter names (without types) in function declaration [enabled by default]
./dwg.spec:1760:3: warning: data definition has no type or storage class [enabled by default]
./dwg.spec:1760:3: warning: parameter names (without types) in function declaration [enabled by default]
./dwg.spec:1761:3: error: expected identifier or '(' before 'if'
./dwg.spec:1769:3: error: expected identifier or '(' before 'if'
./dwg.spec:1774:3: warning: data definition has no type or storage class [enabled by default]
./dwg.spec:1774:3: warning: parameter names (without types) in function declaration [enabled by default]
./dwg.spec:1776:31: error: expected ')' before numeric constant
./dwg.spec:1777:12: error: expected declaration specifiers or '...' before numeric constant
./dwg.spec:1778:17: error: expected declaration specifiers or '...' before numeric constant
./dwg.spec:1779:29: error: expected ')' before numeric constant
./dwg.spec:1781:3: error: expected identifier or '(' before 'if'
./dwg.spec:1786:3: error: expected identifier or '(' before 'if'
./dwg.spec:1791:26: error: expected ')' before numeric constant
./dwg.spec:1793:1: error: unknown type name 'DWG_OBJECT_END'
./dwg.spec:1796:1: warning: parameter names (without types) in function declaration [enabled by default]
./dwg.spec:1798:3: warning: data definition has no type or storage class [enabled by default]
./dwg.spec:1798:3: warning: parameter names (without types) in function declaration [enabled by default]
./dwg.spec:1799:29: error: expected ')' before numeric constant
./dwg.spec:1800:17: error: expected declaration specifiers or '...' before numeric constant
./dwg.spec:1801:42: error: expected ')' before numeric constant
./dwg.spec:1803:1: error: unknown type name 'DWG_OBJECT_END'
./dwg.spec:1806:1: warning: parameter names (without types) in function declaration [enabled by default]
./dwg.spec:1808:3: warning: data definition has no type or storage class [enabled by default]
./dwg.spec:1808:3: warning: parameter names (without types) in function declaration [enabled by default]
./dwg.spec:1809:3: warning: data definition has no type or storage class [enabled by default]
./dwg.spec:1809:3: warning: parameter names (without types) in function declaration [enabled by default]
./dwg.spec:1810:3: warning: data definition has no type or storage class [enabled by default]
./dwg.spec:1810:3: warning: parameter names (without types) in function declaration [enabled by default]
./dwg.spec:1811:3: warning: data definition has no type or storage class [enabled by default]
./dwg.spec:1811:3: warning: parameter names (without types) in function declaration [enabled by default]
./dwg.spec:1812:3: warning: data definition has no type or storage class [enabled by default]
./dwg.spec:1812:3: warning: parameter names (without types) in function declaration [enabled by default]
./dwg.spec:1813:3: warning: data definition has no type or storage class [enabled by default]
./dwg.spec:1813:3: warning: parameter names (without types) in function declaration [enabled by default]
./dwg.spec:1814:3: warning: data definition has no type or storage class [enabled by default]
./dwg.spec:1814:3: warning: parameter names (without types) in function declaration [enabled by default]
./dwg.spec:1815:3: warning: data definition has no type or storage class [enabled by default]
./dwg.spec:1815:3: warning: parameter names (without types) in function declaration [enabled by default]
./dwg.spec:1816:3: warning: data definition has no type or storage class [enabled by default]
./dwg.spec:1816:3: warning: parameter names (without types) in function declaration [enabled by default]
./dwg.spec:1817:3: warning: data definition has no type or storage class [enabled by default]
./dwg.spec:1817:3: warning: parameter names (without types) in function declaration [enabled by default]
./dwg.spec:1818:3: warning: data definition has no type or storage class [enabled by default]
./dwg.spec:1818:3: warning: parameter names (without types) in function declaration [enabled by default]
./dwg.spec:1819:3: warning: data definition has no type or storage class [enabled by default]
./dwg.spec:1819:3: warning: parameter names (without types) in function declaration [enabled by default]
./dwg.spec:1820:3: warning: data definition has no type or storage class [enabled by default]
./dwg.spec:1820:3: warning: parameter names (without types) in function declaration [enabled by default]
./dwg.spec:1821:35: error: expected ')' before numeric constant
./dwg.spec:1822:12: error: expected declaration specifiers or '...' before numeric constant
./dwg.spec:1823:17: error: expected declaration specifiers or '...' before numeric constant
./dwg.spec:1824:29: error: expected ')' before numeric constant
./dwg.spec:1826:1: error: unknown type name 'DWG_OBJECT_END'
./dwg.spec:1832:1: warning: parameter names (without types) in function declaration [enabled by default]
./dwg.spec:1834:3: warning: data definition has no type or storage class [enabled by default]
./dwg.spec:1834:3: warning: parameter names (without types) in function declaration [enabled by default]
./dwg.spec:1835:29: error: expected ')' before numeric constant
./dwg.spec:1836:17: error: expected declaration specifiers or '...' before numeric constant
./dwg.spec:1837:41: error: expected ')' before numeric constant
./dwg.spec:1838:25: error: expected ')' before numeric constant
./dwg.spec:1839:25: error: expected ')' before numeric constant
./dwg.spec:1841:1: error: unknown type name 'DWG_OBJECT_END'
./dwg.spec:1844:1: warning: parameter names (without types) in function declaration [enabled by default]
./dwg.spec:1847:3: warning: data definition has no type or storage class [enabled by default]
./dwg.spec:1847:3: warning: parameter names (without types) in function declaration [enabled by default]
./dwg.spec:1848:3: warning: data definition has no type or storage class [enabled by default]
./dwg.spec:1848:3: warning: parameter names (without types) in function declaration [enabled by default]
./dwg.spec:1849:3: warning: data definition has no type or storage class [enabled by default]
./dwg.spec:1849:3: warning: parameter names (without types) in function declaration [enabled by default]
./dwg.spec:1850:3: warning: data definition has no type or storage class [enabled by default]
./dwg.spec:1850:3: warning: parameter names (without types) in function declaration [enabled by default]
./dwg.spec:1851:3: warning: data definition has no type or storage class [enabled by default]
./dwg.spec:1851:3: warning: parameter names (without types) in function declaration [enabled by default]
./dwg.spec:1852:3: warning: data definition has no type or storage class [enabled by default]
./dwg.spec:1852:3: warning: parameter names (without types) in function declaration [enabled by default]
./dwg.spec:1853:3: warning: data definition has no type or storage class [enabled by default]
./dwg.spec:1853:3: warning: parameter names (without types) in function declaration [enabled by default]
./dwg.spec:1854:3: warning: data definition has no type or storage class [enabled by default]
./dwg.spec:1854:3: warning: parameter names (without types) in function declaration [enabled by default]
./dwg.spec:1856:28: error: expected ')' before 'LTYPE_dash'
./dwg.spec:1869:3: error: expected identifier or '(' before 'if'
./dwg.spec:1873:3: error: expected identifier or '(' before 'else'
./dwg.spec:1881:34: error: expected ')' before numeric constant
./dwg.spec:1882:12: error: expected declaration specifiers or '...' before numeric constant
./dwg.spec:1883:17: error: expected declaration specifiers or '...' before numeric constant
./dwg.spec:1884:29: error: expected ')' before numeric constant
./dwg.spec:1885:41: error: expected ')' before numeric constant
./dwg.spec:1887:1: error: unknown type name 'DWG_OBJECT_END'
./dwg.spec:1893:1: warning: parameter names (without types) in function declaration [enabled by default]
./dwg.spec:1895:3: warning: data definition has no type or storage class [enabled by default]
./dwg.spec:1895:3: warning: parameter names (without types) in function declaration [enabled by default]
./dwg.spec:1896:29: error: expected ')' before numeric constant
./dwg.spec:1897:17: error: expected declaration specifiers or '...' before numeric constant
./dwg.spec:1898:37: error: expected ')' before numeric constant
./dwg.spec:1900:1: error: unknown type name 'DWG_OBJECT_END'
./dwg.spec:1903:1: warning: parameter names (without types) in function declaration [enabled by default]
./dwg.spec:1905:3: warning: data definition has no type or storage class [enabled by default]
./dwg.spec:1905:3: warning: parameter names (without types) in function declaration [enabled by default]
./dwg.spec:1906:3: warning: data definition has no type or storage class [enabled by default]
./dwg.spec:1906:3: warning: parameter names (without types) in function declaration [enabled by default]
./dwg.spec:1907:3: warning: data definition has no type or storage class [enabled by default]
./dwg.spec:1907:3: warning: parameter names (without types) in function declaration [enabled by default]
./dwg.spec:1908:3: warning: data definition has no type or storage class [enabled by default]
./dwg.spec:1908:3: warning: parameter names (without types) in function declaration [enabled by default]
./dwg.spec:1909:3: warning: data definition has no type or storage class [enabled by default]
./dwg.spec:1909:3: warning: parameter names (without types) in function declaration [enabled by default]
./dwg.spec:1910:3: warning: data definition has no type or storage class [enabled by default]
./dwg.spec:1910:3: warning: parameter names (without types) in function declaration [enabled by default]
./dwg.spec:1911:3: warning: data definition has no type or storage class [enabled by default]
./dwg.spec:1911:3: warning: parameter names (without types) in function declaration [enabled by default]
./dwg.spec:1912:3: warning: data definition has no type or storage class [enabled by default]
./dwg.spec:1912:3: warning: parameter names (without types) in function declaration [enabled by default]
./dwg.spec:1913:3: warning: data definition has no type or storage class [enabled by default]
./dwg.spec:1913:3: warning: parameter names (without types) in function declaration [enabled by default]
./dwg.spec:1914:3: warning: data definition has no type or storage class [enabled by default]
./dwg.spec:1914:3: warning: parameter names (without types) in function declaration [enabled by default]
./dwg.spec:1915:3: warning: data definition has no type or storage class [enabled by default]
./dwg.spec:1915:3: warning: parameter names (without types) in function declaration [enabled by default]
./dwg.spec:1916:3: warning: data definition has no type or storage class [enabled by default]
./dwg.spec:1916:3: warning: parameter names (without types) in function declaration [enabled by default]
./dwg.spec:1917:3: warning: data definition has no type or storage class [enabled by default]
./dwg.spec:1917:3: warning: parameter names (without types) in function declaration [enabled by default]
./dwg.spec:1920:3: warning: data definition has no type or storage class [enabled by default]
./dwg.spec:1920:3: warning: parameter names (without types) in function declaration [enabled by default]
./dwg.spec:1920:3: error: conflicting types for 'bit_read_B'
In file included from object.h:29:0,
                 from object.c:22:
bits.h:56:1: note: previous declaration of 'bit_read_B' was here
In file included from object.c:23:0:
./dwg.spec:1921:3: warning: data definition has no type or storage class [enabled by default]
./dwg.spec:1921:3: warning: parameter names (without types) in function declaration [enabled by default]
./dwg.spec:1921:3: error: conflicting types for 'bit_read_B'
In file included from object.h:29:0,
                 from object.c:22:
bits.h:56:1: note: previous declaration of 'bit_read_B' was here
In file included from object.c:23:0:
./dwg.spec:1922:3: warning: data definition has no type or storage class [enabled by default]
./dwg.spec:1922:3: warning: parameter names (without types) in function declaration [enabled by default]
./dwg.spec:1922:3: error: conflicting types for 'bit_read_B'
In file included from object.h:29:0,
                 from object.c:22:
bits.h:56:1: note: previous declaration of 'bit_read_B' was here
In file included from object.c:23:0:
./dwg.spec:1923:3: warning: data definition has no type or storage class [enabled by default]
./dwg.spec:1923:3: warning: parameter names (without types) in function declaration [enabled by default]
./dwg.spec:1923:3: error: conflicting types for 'bit_read_B'
In file included from object.h:29:0,
                 from object.c:22:
bits.h:56:1: note: previous declaration of 'bit_read_B' was here
In file included from object.c:23:0:
./dwg.spec:1925:3: error: expected identifier or '(' before 'if'
./dwg.spec:1930:3: warning: data definition has no type or storage class [enabled by default]
./dwg.spec:1930:3: warning: parameter names (without types) in function declaration [enabled by default]
./dwg.spec:1932:3: error: expected identifier or '(' before 'if'
./dwg.spec:1946:3: error: expected identifier or '(' before 'if'
./dwg.spec:1951:37: error: expected ')' before numeric constant
./dwg.spec:1952:12: error: expected declaration specifiers or '...' before numeric constant
./dwg.spec:1953:17: error: expected declaration specifiers or '...' before numeric constant
./dwg.spec:1954:29: error: expected ')' before numeric constant
./dwg.spec:1956:3: error: expected identifier or '(' before 'if'
./dwg.spec:1965:3: error: expected identifier or '(' before 'if'
./dwg.spec:1970:1: error: unknown type name 'DWG_OBJECT_END'
./dwg.spec:1973:1: warning: parameter names (without types) in function declaration [enabled by default]
./dwg.spec:1975:3: warning: data definition has no type or storage class [enabled by default]
./dwg.spec:1975:3: warning: parameter names (without types) in function declaration [enabled by default]
./dwg.spec:1976:29: error: expected ')' before numeric constant
./dwg.spec:1977:17: error: expected declaration specifiers or '...' before numeric constant
./dwg.spec:1978:35: error: expected ')' before numeric constant
./dwg.spec:1980:1: error: unknown type name 'DWG_OBJECT_END'
./dwg.spec:1983:1: warning: parameter names (without types) in function declaration [enabled by default]
./dwg.spec:1985:3: warning: data definition has no type or storage class [enabled by default]
./dwg.spec:1985:3: warning: parameter names (without types) in function declaration [enabled by default]
./dwg.spec:1986:3: warning: data definition has no type or storage class [enabled by default]
./dwg.spec:1986:3: warning: parameter names (without types) in function declaration [enabled by default]
./dwg.spec:1987:3: warning: data definition has no type or storage class [enabled by default]
./dwg.spec:1987:3: warning: parameter names (without types) in function declaration [enabled by default]
./dwg.spec:1988:3: warning: data definition has no type or storage class [enabled by default]
./dwg.spec:1988:3: warning: parameter names (without types) in function declaration [enabled by default]
./dwg.spec:1989:3: warning: data definition has no type or storage class [enabled by default]
./dwg.spec:1989:3: warning: parameter names (without types) in function declaration [enabled by default]
./dwg.spec:1990:3: warning: data definition has no type or storage class [enabled by default]
./dwg.spec:1990:3: warning: parameter names (without types) in function declaration [enabled by default]
./dwg.spec:1991:3: warning: data definition has no type or storage class [enabled by default]
./dwg.spec:1991:3: warning: parameter names (without types) in function declaration [enabled by default]
./dwg.spec:1993:3: error: expected identifier or '(' before 'if'
./dwg.spec:2000:36: error: expected ')' before numeric constant
./dwg.spec:2001:12: error: expected declaration specifiers or '...' before numeric constant
./dwg.spec:2002:17: error: expected declaration specifiers or '...' before numeric constant
./dwg.spec:2003:29: error: expected ')' before numeric constant
./dwg.spec:2005:3: error: expected identifier or '(' before 'if'
./dwg.spec:2010:1: error: unknown type name 'DWG_OBJECT_END'
./dwg.spec:2013:1: warning: parameter names (without types) in function declaration [enabled by default]
./dwg.spec:2015:3: warning: data definition has no type or storage class [enabled by default]
./dwg.spec:2015:3: warning: parameter names (without types) in function declaration [enabled by default]
./dwg.spec:2016:30: error: expected ')' before numeric constant
./dwg.spec:2017:17: error: expected declaration specifiers or '...' before numeric constant
./dwg.spec:2018:38: error: expected ')' before numeric constant
./dwg.spec:2020:1: error: unknown type name 'DWG_OBJECT_END'
./dwg.spec:2023:1: warning: parameter names (without types) in function declaration [enabled by default]
./dwg.spec:2025:3: warning: data definition has no type or storage class [enabled by default]
./dwg.spec:2025:3: warning: parameter names (without types) in function declaration [enabled by default]
./dwg.spec:2026:3: warning: data definition has no type or storage class [enabled by default]
./dwg.spec:2026:3: warning: parameter names (without types) in function declaration [enabled by default]
./dwg.spec:2027:3: warning: data definition has no type or storage class [enabled by default]
./dwg.spec:2027:3: warning: parameter names (without types) in function declaration [enabled by default]
./dwg.spec:2028:3: warning: data definition has no type or storage class [enabled by default]
./dwg.spec:2028:3: warning: parameter names (without types) in function declaration [enabled by default]
./dwg.spec:2029:3: warning: data definition has no type or storage class [enabled by default]
./dwg.spec:2029:3: warning: parameter names (without types) in function declaration [enabled by default]
./dwg.spec:2030:3: warning: data definition has no type or storage class [enabled by default]
./dwg.spec:2030:3: warning: parameter names (without types) in function declaration [enabled by default]
./dwg.spec:2031:3: warning: data definition has no type or storage class [enabled by default]
./dwg.spec:2031:3: warning: parameter names (without types) in function declaration [enabled by default]
./dwg.spec:2032:3: warning: data definition has no type or storage class [enabled by default]
./dwg.spec:2032:3: warning: parameter names (without types) in function declaration [enabled by default]
./dwg.spec:2033:3: warning: data definition has no type or storage class [enabled by default]
./dwg.spec:2033:3: warning: parameter names (without types) in function declaration [enabled by default]
./dwg.spec:2034:3: warning: data definition has no type or storage class [enabled by default]
./dwg.spec:2034:3: warning: parameter names (without types) in function declaration [enabled by default]
./dwg.spec:2035:3: warning: data definition has no type or storage class [enabled by default]
./dwg.spec:2035:3: warning: parameter names (without types) in function declaration [enabled by default]
./dwg.spec:2036:3: warning: data definition has no type or storage class [enabled by default]
./dwg.spec:2036:3: warning: parameter names (without types) in function declaration [enabled by default]
./dwg.spec:2037:3: warning: data definition has no type or storage class [enabled by default]
./dwg.spec:2037:3: warning: parameter names (without types) in function declaration [enabled by default]
./dwg.spec:2038:3: warning: data definition has no type or storage class [enabled by default]
./dwg.spec:2038:3: warning: parameter names (without types) in function declaration [enabled by default]
./dwg.spec:2040:3: error: expected identifier or '(' before 'if'
./dwg.spec:2045:3: error: expected identifier or '(' before 'if'
./dwg.spec:2054:3: warning: data definition has no type or storage class [enabled by default]
./dwg.spec:2054:3: warning: parameter names (without types) in function declaration [enabled by default]
./dwg.spec:2055:3: warning: data definition has no type or storage class [enabled by default]
./dwg.spec:2055:3: warning: parameter names (without types) in function declaration [enabled by default]
./dwg.spec:2056:3: warning: data definition has no type or storage class [enabled by default]
./dwg.spec:2056:3: warning: parameter names (without types) in function declaration [enabled by default]
./dwg.spec:2057:3: warning: data definition has no type or storage class [enabled by default]
./dwg.spec:2057:3: warning: parameter names (without types) in function declaration [enabled by default]
./dwg.spec:2058:3: warning: data definition has no type or storage class [enabled by default]
./dwg.spec:2058:3: warning: parameter names (without types) in function declaration [enabled by default]
./dwg.spec:2059:3: warning: data definition has no type or storage class [enabled by default]
./dwg.spec:2059:3: warning: parameter names (without types) in function declaration [enabled by default]
./dwg.spec:2060:3: warning: data definition has no type or storage class [enabled by default]
./dwg.spec:2060:3: warning: parameter names (without types) in function declaration [enabled by default]
./dwg.spec:2061:3: warning: data definition has no type or storage class [enabled by default]
./dwg.spec:2061:3: warning: parameter names (without types) in function declaration [enabled by default]
./dwg.spec:2062:3: warning: data definition has no type or storage class [enabled by default]
./dwg.spec:2062:3: warning: parameter names (without types) in function declaration [enabled by default]
./dwg.spec:2063:3: warning: data definition has no type or storage class [enabled by default]
./dwg.spec:2063:3: warning: parameter names (without types) in function declaration [enabled by default]
./dwg.spec:2064:3: warning: data definition has no type or storage class [enabled by default]
./dwg.spec:2064:3: warning: parameter names (without types) in function declaration [enabled by default]
./dwg.spec:2065:3: warning: data definition has no type or storage class [enabled by default]
./dwg.spec:2065:3: warning: parameter names (without types) in function declaration [enabled by default]
./dwg.spec:2066:3: warning: data definition has no type or storage class [enabled by default]
./dwg.spec:2066:3: warning: parameter names (without types) in function declaration [enabled by default]
./dwg.spec:2067:3: warning: data definition has no type or storage class [enabled by default]
./dwg.spec:2067:3: warning: parameter names (without types) in function declaration [enabled by default]
./dwg.spec:2068:3: warning: data definition has no type or storage class [enabled by default]
./dwg.spec:2068:3: warning: parameter names (without types) in function declaration [enabled by default]
./dwg.spec:2070:3: error: expected identifier or '(' before 'if'
./dwg.spec:2081:3: error: expected identifier or '(' before 'if'
./dwg.spec:2087:32: error: expected ')' before numeric constant
./dwg.spec:2088:12: error: expected declaration specifiers or '...' before numeric constant
./dwg.spec:2089:17: error: expected declaration specifiers or '...' before numeric constant
./dwg.spec:2090:29: error: expected ')' before numeric constant
./dwg.spec:2092:3: error: expected identifier or '(' before 'if'
./dwg.spec:2099:3: error: expected identifier or '(' before 'if'
./dwg.spec:2105:1: error: unknown type name 'DWG_OBJECT_END'
./dwg.spec:2108:1: warning: parameter names (without types) in function declaration [enabled by default]
./dwg.spec:2110:3: warning: data definition has no type or storage class [enabled by default]
./dwg.spec:2110:3: warning: parameter names (without types) in function declaration [enabled by default]
./dwg.spec:2111:30: error: expected ')' before numeric constant
./dwg.spec:2112:17: error: expected declaration specifiers or '...' before numeric constant
./dwg.spec:2113:36: error: expected ')' before numeric constant
./dwg.spec:2115:1: error: unknown type name 'DWG_OBJECT_END'
./dwg.spec:2118:1: warning: parameter names (without types) in function declaration [enabled by default]
./dwg.spec:2120:3: warning: data definition has no type or storage class [enabled by default]
./dwg.spec:2120:3: warning: parameter names (without types) in function declaration [enabled by default]
./dwg.spec:2121:3: warning: data definition has no type or storage class [enabled by default]
./dwg.spec:2121:3: warning: parameter names (without types) in function declaration [enabled by default]
./dwg.spec:2122:3: warning: data definition has no type or storage class [enabled by default]
./dwg.spec:2122:3: warning: parameter names (without types) in function declaration [enabled by default]
./dwg.spec:2123:3: warning: data definition has no type or storage class [enabled by default]
./dwg.spec:2123:3: warning: parameter names (without types) in function declaration [enabled by default]
./dwg.spec:2124:3: warning: data definition has no type or storage class [enabled by default]
./dwg.spec:2124:3: warning: parameter names (without types) in function declaration [enabled by default]
./dwg.spec:2126:30: error: expected ')' before numeric constant
./dwg.spec:2127:12: error: expected declaration specifiers or '...' before numeric constant
./dwg.spec:2128:17: error: expected declaration specifiers or '...' before numeric constant
./dwg.spec:2129:30: error: expected ')' before numeric constant
./dwg.spec:2131:1: error: unknown type name 'DWG_OBJECT_END'
./dwg.spec:2134:1: warning: parameter names (without types) in function declaration [enabled by default]
./dwg.spec:2136:3: warning: data definition has no type or storage class [enabled by default]
./dwg.spec:2136:3: warning: parameter names (without types) in function declaration [enabled by default]
./dwg.spec:2137:3: error: expected identifier or '(' before 'if'
./dwg.spec:2150:30: error: expected ')' before numeric constant
./dwg.spec:2151:17: error: expected declaration specifiers or '...' before numeric constant
./dwg.spec:2152:42: error: expected ')' before numeric constant
./dwg.spec:2154:1: error: unknown type name 'DWG_OBJECT_END'
./dwg.spec:2157:1: warning: parameter names (without types) in function declaration [enabled by default]
./dwg.spec:2159:3: warning: data definition has no type or storage class [enabled by default]
./dwg.spec:2159:3: warning: parameter names (without types) in function declaration [enabled by default]
./dwg.spec:2160:3: warning: data definition has no type or storage class [enabled by default]
./dwg.spec:2160:3: warning: parameter names (without types) in function declaration [enabled by default]
./dwg.spec:2161:3: warning: data definition has no type or storage class [enabled by default]
./dwg.spec:2161:3: warning: parameter names (without types) in function declaration [enabled by default]
./dwg.spec:2162:3: warning: data definition has no type or storage class [enabled by default]
./dwg.spec:2162:3: warning: parameter names (without types) in function declaration [enabled by default]
./dwg.spec:2164:3: error: expected identifier or '(' before 'if'
./dwg.spec:2222:3: error: expected identifier or '(' before 'if'
./dwg.spec:2237:3: error: expected identifier or '(' before 'if'
./dwg.spec:2245:3: error: expected identifier or '(' before 'if'
./dwg.spec:2258:3: error: expected identifier or '(' before 'if'
./dwg.spec:2263:3: error: expected identifier or '(' before 'if'
./dwg.spec:2304:3: error: expected identifier or '(' before 'if'
./dwg.spec:2309:3: error: expected identifier or '(' before 'if'
./dwg.spec:2315:3: warning: data definition has no type or storage class [enabled by default]
./dwg.spec:2315:3: warning: parameter names (without types) in function declaration [enabled by default]
./dwg.spec:2317:34: error: expected ')' before numeric constant
./dwg.spec:2318:12: error: expected declaration specifiers or '...' before numeric constant
./dwg.spec:2319:17: error: expected declaration specifiers or '...' before numeric constant
./dwg.spec:2320:29: error: expected ')' before numeric constant
./dwg.spec:2321:27: error: expected ')' before numeric constant
./dwg.spec:2323:3: error: expected identifier or '(' before 'if'
./dwg.spec:2331:3: error: expected identifier or '(' before 'if'
./dwg.spec:2338:1: error: unknown type name 'DWG_OBJECT_END'
./dwg.spec:2341:1: warning: parameter names (without types) in function declaration [enabled by default]
./dwg.spec:2343:3: warning: data definition has no type or storage class [enabled by default]
./dwg.spec:2343:3: warning: parameter names (without types) in function declaration [enabled by default]
./dwg.spec:2344:30: error: expected ')' before numeric constant
./dwg.spec:2345:17: error: expected declaration specifiers or '...' before numeric constant
./dwg.spec:2346:55: error: expected ')' before numeric constant
./dwg.spec:2348:1: error: unknown type name 'DWG_OBJECT_END'
./dwg.spec:2351:1: warning: parameter names (without types) in function declaration [enabled by default]
./dwg.spec:2353:3: warning: data definition has no type or storage class [enabled by default]
./dwg.spec:2353:3: warning: parameter names (without types) in function declaration [enabled by default]
./dwg.spec:2354:3: warning: data definition has no type or storage class [enabled by default]
./dwg.spec:2354:3: warning: parameter names (without types) in function declaration [enabled by default]
./dwg.spec:2355:3: warning: data definition has no type or storage class [enabled by default]
./dwg.spec:2355:3: warning: parameter names (without types) in function declaration [enabled by default]
./dwg.spec:2356:3: warning: data definition has no type or storage class [enabled by default]
./dwg.spec:2356:3: warning: parameter names (without types) in function declaration [enabled by default]
./dwg.spec:2357:3: warning: data definition has no type or storage class [enabled by default]
./dwg.spec:2357:3: warning: parameter names (without types) in function declaration [enabled by default]
./dwg.spec:2358:3: warning: data definition has no type or storage class [enabled by default]
./dwg.spec:2358:3: warning: parameter names (without types) in function declaration [enabled by default]
./dwg.spec:2359:17: error: expected declaration specifiers or '...' before numeric constant
./dwg.spec:2360:22: error: expected ')' before numeric constant
./dwg.spec:2362:1: error: unknown type name 'DWG_OBJECT_END'
./dwg.spec:2365:1: warning: parameter names (without types) in function declaration [enabled by default]
./dwg.spec:2367:3: warning: data definition has no type or storage class [enabled by default]
./dwg.spec:2367:3: warning: parameter names (without types) in function declaration [enabled by default]
./dwg.spec:2368:3: warning: data definition has no type or storage class [enabled by default]
./dwg.spec:2368:3: warning: parameter names (without types) in function declaration [enabled by default]
./dwg.spec:2369:3: warning: data definition has no type or storage class [enabled by default]
./dwg.spec:2369:3: warning: parameter names (without types) in function declaration [enabled by default]
./dwg.spec:2370:3: warning: data definition has no type or storage class [enabled by default]
./dwg.spec:2370:3: warning: parameter names (without types) in function declaration [enabled by default]
./dwg.spec:2371:31: error: expected ')' before numeric constant
./dwg.spec:2372:12: error: expected declaration specifiers or '...' before numeric constant
./dwg.spec:2373:17: error: expected declaration specifiers or '...' before numeric constant
./dwg.spec:2374:45: error: expected ')' before numeric constant
./dwg.spec:2376:1: warning: data definition has no type or storage class [enabled by default]
./dwg.spec:2379:1: warning: data definition has no type or storage class [enabled by default]
./dwg.spec:2379:1: warning: parameter names (without types) in function declaration [enabled by default]
./dwg.spec:2381:3: warning: data definition has no type or storage class [enabled by default]
./dwg.spec:2381:3: warning: parameter names (without types) in function declaration [enabled by default]
./dwg.spec:2382:3: warning: data definition has no type or storage class [enabled by default]
./dwg.spec:2382:3: warning: parameter names (without types) in function declaration [enabled by default]
./dwg.spec:2383:3: warning: data definition has no type or storage class [enabled by default]
./dwg.spec:2383:3: warning: parameter names (without types) in function declaration [enabled by default]
./dwg.spec:2384:3: warning: data definition has no type or storage class [enabled by default]
./dwg.spec:2384:3: warning: parameter names (without types) in function declaration [enabled by default]
./dwg.spec:2385:3: warning: data definition has no type or storage class [enabled by default]
./dwg.spec:2385:3: warning: parameter names (without types) in function declaration [enabled by default]
./dwg.spec:2386:3: warning: data definition has no type or storage class [enabled by default]
./dwg.spec:2386:3: warning: parameter names (without types) in function declaration [enabled by default]
./dwg.spec:2387:3: warning: data definition has no type or storage class [enabled by default]
./dwg.spec:2387:3: warning: parameter names (without types) in function declaration [enabled by default]
./dwg.spec:2390:31: error: expected ')' before 'Dwg_Object_MLINESTYLE_line'
./dwg.spec:2396:30: error: expected ')' before numeric constant
./dwg.spec:2397:12: error: expected declaration specifiers or '...' before numeric constant
./dwg.spec:2398:17: error: expected declaration specifiers or '...' before numeric constant
./dwg.spec:2400:1: error: unknown type name 'DWG_OBJECT_END'
./dwg.spec:2404:1: warning: parameter names (without types) in function declaration [enabled by default]
./dwg.spec:2406:3: warning: data definition has no type or storage class [enabled by default]
./dwg.spec:2406:3: warning: parameter names (without types) in function declaration [enabled by default]
./dwg.spec:2407:3: warning: data definition has no type or storage class [enabled by default]
./dwg.spec:2407:3: warning: parameter names (without types) in function declaration [enabled by default]
./dwg.spec:2409:30: error: expected ')' before numeric constant
./dwg.spec:2410:12: error: expected declaration specifiers or '...' before numeric constant
./dwg.spec:2411:17: error: expected declaration specifiers or '...' before numeric constant
./dwg.spec:2413:1: error: unknown type name 'DWG_OBJECT_END'
./dwg.spec:2416:1: warning: parameter names (without types) in function declaration [enabled by default]
./dwg.spec:2418:3: error: expected identifier or '(' before 'if'
./dwg.spec:2437:3: warning: data definition has no type or storage class [enabled by default]
./dwg.spec:2437:3: warning: parameter names (without types) in function declaration [enabled by default]
./dwg.spec:2438:3: warning: data definition has no type or storage class [enabled by default]
./dwg.spec:2438:3: warning: parameter names (without types) in function declaration [enabled by default]
./dwg.spec:2439:3: warning: data definition has no type or storage class [enabled by default]
./dwg.spec:2439:3: warning: parameter names (without types) in function declaration [enabled by default]
./dwg.spec:2440:3: warning: data definition has no type or storage class [enabled by default]
./dwg.spec:2440:3: warning: parameter names (without types) in function declaration [enabled by default]
./dwg.spec:2441:3: warning: data definition has no type or storage class [enabled by default]
./dwg.spec:2441:3: warning: parameter names (without types) in function declaration [enabled by default]
./dwg.spec:2442:3: warning: data definition has no type or storage class [enabled by default]
./dwg.spec:2442:3: warning: parameter names (without types) in function declaration [enabled by default]
./dwg.spec:2443:28: error: expected ')' before 'Dwg_Entity_HATCH_Path'
In file included from object.c:23:0:
./dwg.spec:2511:1: error: unknown type name 'DWG_OBJECT_END'
./dwg.spec:2514:1: warning: parameter names (without types) in function declaration [enabled by default]
./dwg.spec:2516:3: warning: data definition has no type or storage class [enabled by default]
./dwg.spec:2516:3: warning: parameter names (without types) in function declaration [enabled by default]
./dwg.spec:2517:3: warning: data definition has no type or storage class [enabled by default]
./dwg.spec:2517:3: warning: parameter names (without types) in function declaration [enabled by default]
./dwg.spec:2518:31: error: expected ')' before numeric constant
./dwg.spec:2519:12: error: expected declaration specifiers or '...' before numeric constant
./dwg.spec:2520:17: error: expected declaration specifiers or '...' before numeric constant
./dwg.spec:2521:35: error: expected ')' before numeric constant
./dwg.spec:2523:1: error: unknown type name 'DWG_OBJECT_END'
./dwg.spec:2526:1: warning: parameter names (without types) in function declaration [enabled by default]
./dwg.spec:2528:3: warning: data definition has no type or storage class [enabled by default]
./dwg.spec:2528:3: warning: parameter names (without types) in function declaration [enabled by default]
./dwg.spec:2529:3: warning: data definition has no type or storage class [enabled by default]
./dwg.spec:2529:3: warning: parameter names (without types) in function declaration [enabled by default]
./dwg.spec:2530:3: warning: data definition has no type or storage class [enabled by default]
./dwg.spec:2530:3: warning: parameter names (without types) in function declaration [enabled by default]
./dwg.spec:2531:3: warning: data definition has no type or storage class [enabled by default]
./dwg.spec:2531:3: warning: parameter names (without types) in function declaration [enabled by default]
./dwg.spec:2532:13: error: expected ')' before '.' token
./dwg.spec:2533:13: error: expected ')' before '.' token
./dwg.spec:2534:3: warning: data definition has no type or storage class [enabled by default]
./dwg.spec:2534:3: warning: parameter names (without types) in function declaration [enabled by default]
./dwg.spec:2535:3: warning: data definition has no type or storage class [enabled by default]
./dwg.spec:2535:3: warning: parameter names (without types) in function declaration [enabled by default]
./dwg.spec:2536:3: warning: data definition has no type or storage class [enabled by default]
./dwg.spec:2536:3: warning: parameter names (without types) in function declaration [enabled by default]
./dwg.spec:2537:3: warning: data definition has no type or storage class [enabled by default]
./dwg.spec:2537:3: warning: parameter names (without types) in function declaration [enabled by default]
./dwg.spec:2538:3: warning: data definition has no type or storage class [enabled by default]
./dwg.spec:2538:3: warning: parameter names (without types) in function declaration [enabled by default]
./dwg.spec:2540:3: warning: data definition has no type or storage class [enabled by default]
./dwg.spec:2540:3: warning: parameter names (without types) in function declaration [enabled by default]
./dwg.spec:2541:3: error: expected identifier or '(' before 'if'
./dwg.spec:2546:3: error: expected identifier or '(' before 'else'
./dwg.spec:2555:3: warning: data definition has no type or storage class [enabled by default]
./dwg.spec:2556:25: error: expected ')' before numeric constant
./dwg.spec:2557:32: error: expected ')' before numeric constant
./dwg.spec:2559:1: error: unknown type name 'DWG_ENTITY_END'
./dwg.spec:2562:1: warning: parameter names (without types) in function declaration [enabled by default]
./dwg.spec:2564:3: warning: data definition has no type or storage class [enabled by default]
./dwg.spec:2564:3: warning: parameter names (without types) in function declaration [enabled by default]
./dwg.spec:2565:3: warning: data definition has no type or storage class [enabled by default]
./dwg.spec:2565:3: warning: parameter names (without types) in function declaration [enabled by default]
./dwg.spec:2566:3: warning: data definition has no type or storage class [enabled by default]
./dwg.spec:2566:3: warning: parameter names (without types) in function declaration [enabled by default]
./dwg.spec:2567:3: warning: data definition has no type or storage class [enabled by default]
./dwg.spec:2567:3: warning: parameter names (without types) in function declaration [enabled by default]
./dwg.spec:2568:3: warning: data definition has no type or storage class [enabled by default]
./dwg.spec:2568:3: warning: parameter names (without types) in function declaration [enabled by default]
./dwg.spec:2569:3: warning: data definition has no type or storage class [enabled by default]
./dwg.spec:2569:3: warning: parameter names (without types) in function declaration [enabled by default]
./dwg.spec:2570:32: error: expected ')' before numeric constant
./dwg.spec:2571:12: error: expected declaration specifiers or '...' before numeric constant
./dwg.spec:2572:17: error: expected declaration specifiers or '...' before numeric constant
./dwg.spec:2574:1: error: unknown type name 'DWG_OBJECT_END'
./dwg.spec:2577:1: warning: parameter names (without types) in function declaration [enabled by default]
./dwg.spec:2579:3: warning: data definition has no type or storage class [enabled by default]
./dwg.spec:2579:3: warning: parameter names (without types) in function declaration [enabled by default]
./dwg.spec:2580:32: error: expected ')' before numeric constant
./dwg.spec:2581:12: error: expected declaration specifiers or '...' before numeric constant
./dwg.spec:2582:17: error: expected declaration specifiers or '...' before numeric constant
./dwg.spec:2584:1: error: unknown type name 'DWG_OBJECT_END'
./dwg.spec:2587:1: warning: parameter names (without types) in function declaration [enabled by default]
./dwg.spec:2589:3: warning: data definition has no type or storage class [enabled by default]
./dwg.spec:2589:3: warning: parameter names (without types) in function declaration [enabled by default]
./dwg.spec:2590:3: warning: data definition has no type or storage class [enabled by default]
./dwg.spec:2590:3: warning: parameter names (without types) in function declaration [enabled by default]
./dwg.spec:2591:3: warning: data definition has no type or storage class [enabled by default]
./dwg.spec:2591:3: warning: parameter names (without types) in function declaration [enabled by default]
./dwg.spec:2592:33: error: expected ')' before 'Dwg_LAYER_entry'
./dwg.spec:2597:32: error: expected ')' before numeric constant
./dwg.spec:2598:12: error: expected declaration specifiers or '...' before numeric constant
./dwg.spec:2599:17: error: expected declaration specifiers or '...' before numeric constant
./dwg.spec:2600:3: warning: data definition has no type or storage class [enabled by default]
./dwg.spec:2600:3: warning: parameter names (without types) in function declaration [enabled by default]
./dwg.spec:2602:1: error: unknown type name 'DWG_OBJECT_END'
./dwg.spec:2605:1: warning: parameter names (without types) in function declaration [enabled by default]
./dwg.spec:2607:3: warning: data definition has no type or storage class [enabled by default]
./dwg.spec:2607:3: warning: parameter names (without types) in function declaration [enabled by default]
./dwg.spec:2608:3: warning: data definition has no type or storage class [enabled by default]
./dwg.spec:2608:3: warning: parameter names (without types) in function declaration [enabled by default]
./dwg.spec:2609:3: warning: data definition has no type or storage class [enabled by default]
./dwg.spec:2609:3: warning: parameter names (without types) in function declaration [enabled by default]
./dwg.spec:2610:3: warning: data definition has no type or storage class [enabled by default]
./dwg.spec:2610:3: warning: parameter names (without types) in function declaration [enabled by default]
./dwg.spec:2611:3: warning: data definition has no type or storage class [enabled by default]
./dwg.spec:2611:3: warning: parameter names (without types) in function declaration [enabled by default]
./dwg.spec:2612:3: warning: data definition has no type or storage class [enabled by default]
./dwg.spec:2612:3: warning: parameter names (without types) in function declaration [enabled by default]
./dwg.spec:2613:3: warning: data definition has no type or storage class [enabled by default]
./dwg.spec:2613:3: warning: parameter names (without types) in function declaration [enabled by default]
./dwg.spec:2614:3: warning: data definition has no type or storage class [enabled by default]
./dwg.spec:2614:3: warning: parameter names (without types) in function declaration [enabled by default]
./dwg.spec:2615:3: warning: data definition has no type or storage class [enabled by default]
./dwg.spec:2615:3: warning: parameter names (without types) in function declaration [enabled by default]
./dwg.spec:2616:3: warning: data definition has no type or storage class [enabled by default]
./dwg.spec:2616:3: warning: parameter names (without types) in function declaration [enabled by default]
./dwg.spec:2617:3: warning: data definition has no type or storage class [enabled by default]
./dwg.spec:2617:3: warning: parameter names (without types) in function declaration [enabled by default]
./dwg.spec:2618:3: warning: data definition has no type or storage class [enabled by default]
./dwg.spec:2618:3: warning: parameter names (without types) in function declaration [enabled by default]
./dwg.spec:2619:3: warning: data definition has no type or storage class [enabled by default]
./dwg.spec:2619:3: warning: parameter names (without types) in function declaration [enabled by default]
./dwg.spec:2620:3: warning: data definition has no type or storage class [enabled by default]
./dwg.spec:2620:3: warning: parameter names (without types) in function declaration [enabled by default]
./dwg.spec:2621:3: warning: data definition has no type or storage class [enabled by default]
./dwg.spec:2621:3: warning: parameter names (without types) in function declaration [enabled by default]
./dwg.spec:2622:3: warning: data definition has no type or storage class [enabled by default]
./dwg.spec:2622:3: warning: parameter names (without types) in function declaration [enabled by default]
./dwg.spec:2624:3: error: expected identifier or '(' before 'if'
./dwg.spec:2629:3: warning: data definition has no type or storage class [enabled by default]
./dwg.spec:2629:3: warning: parameter names (without types) in function declaration [enabled by default]
./dwg.spec:2630:3: warning: data definition has no type or storage class [enabled by default]
./dwg.spec:2630:3: warning: parameter names (without types) in function declaration [enabled by default]
./dwg.spec:2631:3: warning: data definition has no type or storage class [enabled by default]
./dwg.spec:2631:3: warning: parameter names (without types) in function declaration [enabled by default]
./dwg.spec:2632:3: warning: data definition has no type or storage class [enabled by default]
./dwg.spec:2632:3: warning: parameter names (without types) in function declaration [enabled by default]
./dwg.spec:2633:3: warning: data definition has no type or storage class [enabled by default]
./dwg.spec:2633:3: warning: parameter names (without types) in function declaration [enabled by default]
./dwg.spec:2634:3: warning: data definition has no type or storage class [enabled by default]
./dwg.spec:2634:3: warning: parameter names (without types) in function declaration [enabled by default]
./dwg.spec:2636:3: error: expected identifier or '(' before 'if'
./dwg.spec:2643:3: warning: data definition has no type or storage class [enabled by default]
./dwg.spec:2643:3: warning: parameter names (without types) in function declaration [enabled by default]
./dwg.spec:2644:3: warning: data definition has no type or storage class [enabled by default]
./dwg.spec:2644:3: warning: parameter names (without types) in function declaration [enabled by default]
./dwg.spec:2645:3: warning: data definition has no type or storage class [enabled by default]
./dwg.spec:2645:3: warning: parameter names (without types) in function declaration [enabled by default]
./dwg.spec:2646:3: warning: data definition has no type or storage class [enabled by default]
./dwg.spec:2646:3: warning: parameter names (without types) in function declaration [enabled by default]
./dwg.spec:2647:3: warning: data definition has no type or storage class [enabled by default]
./dwg.spec:2647:3: warning: parameter names (without types) in function declaration [enabled by default]
./dwg.spec:2648:3: warning: data definition has no type or storage class [enabled by default]
./dwg.spec:2648:3: warning: parameter names (without types) in function declaration [enabled by default]
./dwg.spec:2649:3: warning: data definition has no type or storage class [enabled by default]
./dwg.spec:2649:3: warning: parameter names (without types) in function declaration [enabled by default]
./dwg.spec:2650:3: warning: data definition has no type or storage class [enabled by default]
./dwg.spec:2650:3: warning: parameter names (without types) in function declaration [enabled by default]
./dwg.spec:2651:3: warning: data definition has no type or storage class [enabled by default]
./dwg.spec:2651:3: warning: parameter names (without types) in function declaration [enabled by default]
./dwg.spec:2652:3: warning: data definition has no type or storage class [enabled by default]
./dwg.spec:2652:3: warning: parameter names (without types) in function declaration [enabled by default]
./dwg.spec:2653:3: warning: data definition has no type or storage class [enabled by default]
./dwg.spec:2653:3: warning: parameter names (without types) in function declaration [enabled by default]
./dwg.spec:2654:3: warning: data definition has no type or storage class [enabled by default]
./dwg.spec:2654:3: warning: parameter names (without types) in function declaration [enabled by default]
./dwg.spec:2655:3: warning: data definition has no type or storage class [enabled by default]
./dwg.spec:2655:3: warning: parameter names (without types) in function declaration [enabled by default]
./dwg.spec:2657:3: error: expected identifier or '(' before 'if'
./dwg.spec:2662:30: error: expected ')' before numeric constant
./dwg.spec:2663:12: error: expected declaration specifiers or '...' before numeric constant
./dwg.spec:2664:17: error: expected declaration specifiers or '...' before numeric constant
./dwg.spec:2666:3: error: expected identifier or '(' before 'if'
./dwg.spec:2671:3: error: expected identifier or '(' before 'if'
./dwg.spec:2676:3: warning: data definition has no type or storage class [enabled by default]
./dwg.spec:2676:3: warning: parameter names (without types) in function declaration [enabled by default]
./dwg.spec:2677:3: warning: data definition has no type or storage class [enabled by default]
./dwg.spec:2677:3: warning: parameter names (without types) in function declaration [enabled by default]
./dwg.spec:2678:3: warning: data definition has no type or storage class [enabled by default]
./dwg.spec:2678:3: warning: parameter names (without types) in function declaration [enabled by default]
./dwg.spec:2679:3: warning: data definition has no type or storage class [enabled by default]
./dwg.spec:2679:3: warning: parameter names (without types) in function declaration [enabled by default]
./dwg.spec:2681:3: error: expected identifier or '(' before 'if'
./dwg.spec:2686:1: error: unknown type name 'DWG_OBJECT_END'
./dwg.spec:2689:1: warning: parameter names (without types) in function declaration [enabled by default]
./dwg.spec:2691:3: warning: data definition has no type or storage class [enabled by default]
./dwg.spec:2691:3: warning: parameter names (without types) in function declaration [enabled by default]
./dwg.spec:2693:3: error: expected identifier or '(' before 'if'
./dwg.spec:2697:3: error: expected identifier or '(' before 'if'
./dwg.spec:2701:3: error: expected identifier or '(' before 'if'
./dwg.spec:2705:3: error: expected identifier or '(' before 'if'
./dwg.spec:2710:3: warning: data definition has no type or storage class [enabled by default]
./dwg.spec:2710:3: warning: parameter names (without types) in function declaration [enabled by default]
./dwg.spec:2712:3: error: expected identifier or '(' before 'if'
./dwg.spec:2716:3: error: expected identifier or '(' before 'if'
./dwg.spec:2721:3: error: expected identifier or '(' before 'if'
./dwg.spec:2726:3: error: expected identifier or '(' before 'if'
./dwg.spec:2731:3: warning: data definition has no type or storage class [enabled by default]
./dwg.spec:2731:3: warning: parameter names (without types) in function declaration [enabled by default]
./dwg.spec:2732:30: error: expected ')' before 'Dwg_Entity_LWPLINE_width'
./dwg.spec:2738:3: warning: data definition has no type or storage class [enabled by default]
./dwg.spec:2740:1: error: unknown type name 'DWG_ENTITY_END'
./dwg.spec:2743:1: warning: parameter names (without types) in function declaration [enabled by default]
./dwg.spec:2745:3: warning: data definition has no type or storage class [enabled by default]
./dwg.spec:2745:3: warning: parameter names (without types) in function declaration [enabled by default]
./dwg.spec:2747:3: error: expected identifier or '(' before 'if'
./dwg.spec:2752:3: warning: data definition has no type or storage class [enabled by default]
./dwg.spec:2752:3: warning: parameter names (without types) in function declaration [enabled by default]
./dwg.spec:2753:3: warning: data definition has no type or storage class [enabled by default]
./dwg.spec:2753:3: warning: parameter names (without types) in function declaration [enabled by default]
./dwg.spec:2755:3: error: expected identifier or '(' before 'if'
./dwg.spec:2760:3: warning: data definition has no type or storage class [enabled by default]
./dwg.spec:2762:1: error: unknown type name 'DWG_ENTITY_END'
./dwg.spec:2766:1: warning: parameter names (without types) in function declaration [enabled by default]
./dwg.spec:2768:3: error: expected identifier or '(' before 'if'
./dwg.spec:2777:1: error: unknown type name 'DWG_OBJECT_END'
./dwg.spec:2781:1: warning: parameter names (without types) in function declaration [enabled by default]
./dwg.spec:2783:3: warning: data definition has no type or storage class [enabled by default]
./dwg.spec:2783:3: warning: parameter names (without types) in function declaration [enabled by default]
./dwg.spec:2784:3: warning: data definition has no type or storage class [enabled by default]
./dwg.spec:2784:3: warning: parameter names (without types) in function declaration [enabled by default]
./dwg.spec:2785:3: warning: data definition has no type or storage class [enabled by default]
./dwg.spec:2785:3: warning: parameter names (without types) in function declaration [enabled by default]
./dwg.spec:2786:3: warning: data definition has no type or storage class [enabled by default]
./dwg.spec:2786:3: warning: parameter names (without types) in function declaration [enabled by default]
./dwg.spec:2787:31: error: expected ')' before numeric constant
./dwg.spec:2788:12: error: expected declaration specifiers or '...' before numeric constant
./dwg.spec:2789:17: error: expected declaration specifiers or '...' before numeric constant
./dwg.spec:2791:1: error: unknown type name 'DWG_OBJECT_END'
./dwg.spec:2794:1: warning: parameter names (without types) in function declaration [enabled by default]
./dwg.spec:2796:3: warning: data definition has no type or storage class [enabled by default]
./dwg.spec:2796:3: warning: parameter names (without types) in function declaration [enabled by default]
./dwg.spec:2797:45: error: expected ')' before numeric constant
./dwg.spec:2798:31: error: expected ')' before numeric constant
./dwg.spec:2799:12: error: expected declaration specifiers or '...' before numeric constant
./dwg.spec:2800:17: error: expected declaration specifiers or '...' before numeric constant
./dwg.spec:2801:31: error: expected ')' before numeric constant
./dwg.spec:2802:47: error: expected ')' before numeric constant
./dwg.spec:2804:1: error: unknown type name 'DWG_OBJECT_END'
./dwg.spec:2807:1: warning: parameter names (without types) in function declaration [enabled by default]
./dwg.spec:2809:3: warning: data definition has no type or storage class [enabled by default]
./dwg.spec:2809:3: warning: parameter names (without types) in function declaration [enabled by default]
./dwg.spec:2810:3: warning: data definition has no type or storage class [enabled by default]
./dwg.spec:2810:3: warning: parameter names (without types) in function declaration [enabled by default]
./dwg.spec:2811:3: warning: data definition has no type or storage class [enabled by default]
./dwg.spec:2811:3: warning: parameter names (without types) in function declaration [enabled by default]
./dwg.spec:2812:3: warning: data definition has no type or storage class [enabled by default]
./dwg.spec:2812:3: warning: parameter names (without types) in function declaration [enabled by default]
./dwg.spec:2813:3: warning: data definition has no type or storage class [enabled by default]
./dwg.spec:2813:3: warning: parameter names (without types) in function declaration [enabled by default]
./dwg.spec:2814:3: warning: data definition has no type or storage class [enabled by default]
./dwg.spec:2814:3: warning: parameter names (without types) in function declaration [enabled by default]
./dwg.spec:2815:3: error: expected identifier or '(' before 'if'
./dwg.spec:2820:3: warning: data definition has no type or storage class [enabled by default]
./dwg.spec:2820:3: warning: parameter names (without types) in function declaration [enabled by default]
./dwg.spec:2821:3: error: expected identifier or '(' before 'if'
./dwg.spec:2826:48: error: expected ')' before numeric constant
./dwg.spec:2827:45: error: expected ')' before numeric constant
./dwg.spec:2828:31: error: expected ')' before numeric constant
./dwg.spec:2829:12: error: expected declaration specifiers or '...' before numeric constant
./dwg.spec:2830:17: error: expected declaration specifiers or '...' before numeric constant
./dwg.spec:2832:1: error: unknown type name 'DWG_OBJECT_END'
./dwg.spec:2835:1: warning: parameter names (without types) in function declaration [enabled by default]
./dwg.spec:2837:3: warning: data definition has no type or storage class [enabled by default]
./dwg.spec:2837:3: warning: parameter names (without types) in function declaration [enabled by default]
./dwg.spec:2838:3: warning: data definition has no type or storage class [enabled by default]
./dwg.spec:2838:3: warning: parameter names (without types) in function declaration [enabled by default]
./dwg.spec:2845:1: error: unknown type name 'DWG_OBJECT_END'
./dwg.spec:2848:1: warning: parameter names (without types) in function declaration [enabled by default]
./dwg.spec:2851:3: warning: data definition has no type or storage class [enabled by default]
./dwg.spec:2851:3: warning: parameter names (without types) in function declaration [enabled by default]
./dwg.spec:2853:3: error: expected identifier or '(' before 'if'
./dwg.spec:2858:3: error: expected identifier or '(' before 'if'
./dwg.spec:2886:3: warning: data definition has no type or storage class [enabled by default]
./dwg.spec:2886:3: warning: parameter names (without types) in function declaration [enabled by default]
./dwg.spec:2887:3: warning: data definition has no type or storage class [enabled by default]
./dwg.spec:2887:3: warning: parameter names (without types) in function declaration [enabled by default]
./dwg.spec:2888:3: warning: data definition has no type or storage class [enabled by default]
./dwg.spec:2888:3: warning: parameter names (without types) in function declaration [enabled by default]
./dwg.spec:2890:3: error: expected identifier or '(' before 'if'
./dwg.spec:2895:3: warning: data definition has no type or storage class [enabled by default]
./dwg.spec:2895:3: warning: parameter names (without types) in function declaration [enabled by default]
./dwg.spec:2896:3: warning: data definition has no type or storage class [enabled by default]
./dwg.spec:2896:3: warning: parameter names (without types) in function declaration [enabled by default]
./dwg.spec:2897:3: warning: data definition has no type or storage class [enabled by default]
./dwg.spec:2897:3: warning: parameter names (without types) in function declaration [enabled by default]
./dwg.spec:2898:3: warning: data definition has no type or storage class [enabled by default]
./dwg.spec:2898:3: warning: parameter names (without types) in function declaration [enabled by default]
./dwg.spec:2899:3: warning: data definition has no type or storage class [enabled by default]
./dwg.spec:2899:3: warning: parameter names (without types) in function declaration [enabled by default]
./dwg.spec:2900:3: warning: data definition has no type or storage class [enabled by default]
./dwg.spec:2900:3: warning: parameter names (without types) in function declaration [enabled by default]
./dwg.spec:2901:12: error: unknown type name 'FIELD_VALUE'
./dwg.spec:2901:57: error: unknown type name 'cells'
./dwg.spec:3058:3: warning: data definition has no type or storage class [enabled by default]
./dwg.spec:3058:3: warning: parameter names (without types) in function declaration [enabled by default]
./dwg.spec:3059:3: error: expected identifier or '(' before 'if'
./dwg.spec:3160:3: warning: data definition has no type or storage class [enabled by default]
./dwg.spec:3160:3: warning: parameter names (without types) in function declaration [enabled by default]
./dwg.spec:3161:3: error: expected identifier or '(' before 'if'
./dwg.spec:3255:3: warning: data definition has no type or storage class [enabled by default]
./dwg.spec:3255:3: warning: parameter names (without types) in function declaration [enabled by default]
./dwg.spec:3256:3: error: expected identifier or '(' before 'if'
./dwg.spec:3350:3: warning: data definition has no type or storage class [enabled by default]
./dwg.spec:3350:3: warning: parameter names (without types) in function declaration [enabled by default]
./dwg.spec:3351:3: error: expected identifier or '(' before 'if'
./dwg.spec:3445:31: error: expected ')' before numeric constant
./dwg.spec:3447:3: error: expected identifier or '(' before 'if'
./dwg.spec:3456:3: error: expected identifier or '(' before 'if'
./dwg.spec:3461:3: error: expected identifier or '(' before 'if'
./dwg.spec:3466:3: warning: data definition has no type or storage class [enabled by default]
./dwg.spec:3466:3: warning: parameter names (without types) in function declaration [enabled by default]
./dwg.spec:3468:12: error: unknown type name 'FIELD_VALUE'
./dwg.spec:3468:57: error: unknown type name 'cells'
./dwg.spec:3485:3: warning: data definition has no type or storage class [enabled by default]
./dwg.spec:3485:3: warning: parameter names (without types) in function declaration [enabled by default]
./dwg.spec:3486:3: warning: data definition has no type or storage class [enabled by default]
./dwg.spec:3486:3: warning: parameter names (without types) in function declaration [enabled by default]
./dwg.spec:3487:3: warning: data definition has no type or storage class [enabled by default]
./dwg.spec:3487:3: warning: parameter names (without types) in function declaration [enabled by default]
./dwg.spec:3489:1: error: unknown type name 'DWG_ENTITY_END'
./dwg.spec:3492:1: warning: parameter names (without types) in function declaration [enabled by default]
./dwg.spec:3495:5: error: expected '=', ',', ';', 'asm' or '__attribute__' before '{' token
./dwg.spec:3512:1: error: unknown type name 'DWG_OBJECT_END'
./dwg.spec:3514:1: warning: parameter names (without types) in function declaration [enabled by default]
./dwg.spec:3518:30: error: expected ')' before numeric constant
./dwg.spec:3519:12: error: expected declaration specifiers or '...' before numeric constant
./dwg.spec:3520:17: error: expected declaration specifiers or '...' before numeric constant
In file included from decode_r2004.h:31:0,
                 from object.c:24:
print.h:23:1: error: expected '=', ',', ';', 'asm' or '__attribute__' before 'void'
In file included from object.c:45:0:
header_variables.spec: In function 'dwg_decode_header_variables':
header_variables.spec:30:13: error: 'unknown_0' undeclared (first use in this function)
header_variables.spec:30:13: note: each undeclared identifier is reported only once for each function it appears in
header_variables.spec:31:13: error: 'unknown_1' undeclared (first use in this function)
header_variables.spec:32:13: error: 'unknown_2' undeclared (first use in this function)
header_variables.spec:33:13: error: 'unknown_3' undeclared (first use in this function)
header_variables.spec:34:13: error: 'unknown_4' undeclared (first use in this function)
header_variables.spec:35:13: error: 'unknown_5' undeclared (first use in this function)
header_variables.spec:36:13: error: 'unknown_6' undeclared (first use in this function)
header_variables.spec:37:13: error: 'unknown_7' undeclared (first use in this function)
header_variables.spec:38:13: error: 'unknown_8' undeclared (first use in this function)
header_variables.spec:39:13: error: 'unknown_9' undeclared (first use in this function)
header_variables.spec:43:16: error: 'unknown_10' undeclared (first use in this function)
header_variables.spec:48:21: error: 'current_viewport_entity_header' undeclared (first use in this function)
header_variables.spec:48:53: error: 'ANYCODE' undeclared (first use in this function)
header_variables.spec:51:12: error: 'DIMASO' undeclared (first use in this function)
header_variables.spec:52:12: error: 'DIMSHO' undeclared (first use in this function)
header_variables.spec:56:16: error: 'DIMSAV' undeclared (first use in this function)
header_variables.spec:59:12: error: 'PLINEGEN' undeclared (first use in this function)
header_variables.spec:60:12: error: 'ORTHOMODE' undeclared (first use in this function)
header_variables.spec:61:12: error: 'REGENMODE' undeclared (first use in this function)
header_variables.spec:62:12: error: 'FILLMODE' undeclared (first use in this function)
header_variables.spec:63:12: error: 'QTEXTMODE' undeclared (first use in this function)
header_variables.spec:64:12: error: 'PSLTSCALE' undeclared (first use in this function)
header_variables.spec:65:12: error: 'LIMCHECK' undeclared (first use in this function)
header_variables.spec:69:16: error: 'BLIPMODE' undeclared (first use in this function)
header_variables.spec:74:16: error: 'unknown_11' undeclared (first use in this function)
header_variables.spec:77:12: error: 'user_timer_onoff' undeclared (first use in this function)
header_variables.spec:78:12: error: 'SKPOLY' undeclared (first use in this function)
header_variables.spec:79:12: error: 'ANGDIR' undeclared (first use in this function)
header_variables.spec:80:12: error: 'SPLFRAME' undeclared (first use in this function)
header_variables.spec:84:16: error: 'ATTREQ' undeclared (first use in this function)
header_variables.spec:85:16: error: 'ATTDIA' undeclared (first use in this function)
header_variables.spec:88:12: error: 'MIRRTEXT' undeclared (first use in this function)
header_variables.spec:89:12: error: 'WORLDVIEW' undeclared (first use in this function)
header_variables.spec:93:16: error: 'WIREFRAME' undeclared (first use in this function)
header_variables.spec:96:12: error: 'TILEMODE' undeclared (first use in this function)
header_variables.spec:97:12: error: 'PLIMCHECK' undeclared (first use in this function)
header_variables.spec:98:12: error: 'VISRETAIN' undeclared (first use in this function)
header_variables.spec:102:16: error: 'DELOBJ' undeclared (first use in this function)
header_variables.spec:105:12: error: 'DISPSILH' undeclared (first use in this function)
header_variables.spec:106:12: error: 'PELLIPSE' undeclared (first use in this function)
header_variables.spec:110:17: error: 'SAVEIMAGES' undeclared (first use in this function)
header_variables.spec:115:17: error: 'PROXYGRAPHICS' undeclared (first use in this function)
header_variables.spec:120:17: error: 'DRAGMODE' undeclared (first use in this function)
header_variables.spec:123:13: error: 'TREEDEPTH' undeclared (first use in this function)
header_variables.spec:124:13: error: 'LUNITS' undeclared (first use in this function)
header_variables.spec:125:13: error: 'LUPREC' undeclared (first use in this function)
header_variables.spec:126:13: error: 'AUNITS' undeclared (first use in this function)
header_variables.spec:127:13: error: 'AUPREC' undeclared (first use in this function)
header_variables.spec:131:17: error: 'OSMODE' undeclared (first use in this function)
header_variables.spec:134:13: error: 'ATTMODE' undeclared (first use in this function)
header_variables.spec:138:17: error: 'COORDS' undeclared (first use in this function)
header_variables.spec:141:13: error: 'PDMODE' undeclared (first use in this function)
header_variables.spec:145:17: error: 'PICKSTYLE' undeclared (first use in this function)
header_variables.spec:150:17: error: 'unknown_12' undeclared (first use in this function)
header_variables.spec:151:17: error: 'unknown_13' undeclared (first use in this function)
header_variables.spec:152:17: error: 'unknown_14' undeclared (first use in this function)
header_variables.spec:153:17: error: 'unknown_14b' undeclared (first use in this function)
header_variables.spec:156:13: error: 'USERI1' undeclared (first use in this function)
header_variables.spec:157:13: error: 'USERI2' undeclared (first use in this function)
header_variables.spec:158:13: error: 'USERI3' undeclared (first use in this function)
header_variables.spec:159:13: error: 'USERI4' undeclared (first use in this function)
header_variables.spec:160:13: error: 'USERI5' undeclared (first use in this function)
header_variables.spec:161:13: error: 'SPLINESEGS' undeclared (first use in this function)
header_variables.spec:162:13: error: 'SURFU' undeclared (first use in this function)
header_variables.spec:163:13: error: 'SURFV' undeclared (first use in this function)
header_variables.spec:164:13: error: 'SURFTYPE' undeclared (first use in this function)
header_variables.spec:165:13: error: 'SURFTAB1' undeclared (first use in this function)
header_variables.spec:166:13: error: 'SURFTAB2' undeclared (first use in this function)
header_variables.spec:167:13: error: 'SPLINETYPE' undeclared (first use in this function)
header_variables.spec:168:13: error: 'SHADEDGE' undeclared (first use in this function)
header_variables.spec:169:13: error: 'SHADEDIF' undeclared (first use in this function)
header_variables.spec:170:13: error: 'UNITMODE' undeclared (first use in this function)
header_variables.spec:171:13: error: 'MAXACTVP' undeclared (first use in this function)
header_variables.spec:172:13: error: 'ISOLINES' undeclared (first use in this function)
header_variables.spec:173:13: error: 'CMLJUST' undeclared (first use in this function)
header_variables.spec:174:13: error: 'TEXTQLTY' undeclared (first use in this function)
header_variables.spec:175:13: error: 'LTSCALE' undeclared (first use in this function)
header_variables.spec:176:13: error: 'VTEXTSIZE' undeclared (first use in this function)
header_variables.spec:177:13: error: 'TRACEWID' undeclared (first use in this function)
header_variables.spec:178:13: error: 'SKETCHINC' undeclared (first use in this function)
header_variables.spec:179:13: error: 'FILLETRAD' undeclared (first use in this function)
header_variables.spec:180:13: error: 'THICKNESS' undeclared (first use in this function)
header_variables.spec:181:13: error: 'ANGBASE' undeclared (first use in this function)
header_variables.spec:182:13: error: 'PDSIZE' undeclared (first use in this function)
header_variables.spec:183:13: error: 'PLINEWID' undeclared (first use in this function)
header_variables.spec:184:13: error: 'USERR1' undeclared (first use in this function)
header_variables.spec:185:13: error: 'USERR2' undeclared (first use in this function)
header_variables.spec:186:13: error: 'USERR3' undeclared (first use in this function)
header_variables.spec:187:13: error: 'USERR4' undeclared (first use in this function)
header_variables.spec:188:13: error: 'USERR5' undeclared (first use in this function)
header_variables.spec:189:13: error: 'CHAMFERA' undeclared (first use in this function)
header_variables.spec:190:13: error: 'CHAMFERB' undeclared (first use in this function)
header_variables.spec:191:13: error: 'CHAMFERC' undeclared (first use in this function)
header_variables.spec:192:13: error: 'CHAMFERD' undeclared (first use in this function)
header_variables.spec:193:13: error: 'FACETRES' undeclared (first use in this function)
header_variables.spec:194:13: error: 'CMLSCALE' undeclared (first use in this function)
header_variables.spec:195:13: error: 'CELTSCALE' undeclared (first use in this function)
header_variables.spec:196:13: error: 'MENUNAME' undeclared (first use in this function)
header_variables.spec:197:13: error: 'TDCREATE_JULIAN_DAY' undeclared (first use in this function)
header_variables.spec:198:13: error: 'TDCREATE_MILLISECONDS' undeclared (first use in this function)
header_variables.spec:199:13: error: 'TDUPDATE_JULIAN_DAY' undeclared (first use in this function)
header_variables.spec:200:13: error: 'TDUPDATE_MILLISECONDS' undeclared (first use in this function)
header_variables.spec:204:17: error: 'unknown_15' undeclared (first use in this function)
header_variables.spec:205:17: error: 'unknown_16' undeclared (first use in this function)
header_variables.spec:206:17: error: 'unknown_17' undeclared (first use in this function)
header_variables.spec:209:13: error: 'TDINDWG_DAYS' undeclared (first use in this function)
header_variables.spec:210:13: error: 'TDINDWG_MILLISECONDS' undeclared (first use in this function)
header_variables.spec:211:13: error: 'TDUSRTIMER_DAYS' undeclared (first use in this function)
header_variables.spec:212:13: error: 'TDUSRTIMER_MILLISECONDS' undeclared (first use in this function)
header_variables.spec:213:14: error: 'CECOLOR' undeclared (first use in this function)
header_variables.spec:214:17: error: 'HANDSEED' undeclared (first use in this function)
header_variables.spec:215:17: error: 'CLAYER' undeclared (first use in this function)
header_variables.spec:216:17: error: 'TEXTSTYLE' undeclared (first use in this function)
header_variables.spec:217:17: error: 'CELTYPE' undeclared (first use in this function)
header_variables.spec:221:21: error: 'CMATERIAL' undeclared (first use in this function)
header_variables.spec:224:17: error: 'DIMSTYLE' undeclared (first use in this function)
header_variables.spec:225:17: error: 'CMLSTYLE' undeclared (first use in this function)
header_variables.spec:229:17: error: 'PSVPSCALE' undeclared (first use in this function)
header_variables.spec:232:14: error: 'INSBASE_PSPACE' undeclared (first use in this function)
header_variables.spec:233:14: error: 'EXTMIN_PSPACE' undeclared (first use in this function)
header_variables.spec:234:14: error: 'EXTMAX_PSPACE' undeclared (first use in this function)
header_variables.spec:235:14: error: 'LIMMIN_PSPACE' undeclared (first use in this function)
header_variables.spec:236:14: error: 'LIMMAX_PSPACE' undeclared (first use in this function)
header_variables.spec:237:13: error: 'ELEVATION_PSPACE' undeclared (first use in this function)
header_variables.spec:238:14: error: 'UCSORG_PSPACE' undeclared (first use in this function)
header_variables.spec:239:14: error: 'UCSXDIR_PSPACE' undeclared (first use in this function)
header_variables.spec:240:14: error: 'UCSYDIR_PSPACE' undeclared (first use in this function)
header_variables.spec:241:17: error: 'UCSNAME_PSPACE' undeclared (first use in this function)
header_variables.spec:245:21: error: 'PUCSBASE' undeclared (first use in this function)
header_variables.spec:246:17: error: 'PUCSORTHOVIEW' undeclared (first use in this function)
header_variables.spec:247:21: error: 'PUCSORTHOREF' undeclared (first use in this function)
header_variables.spec:248:18: error: 'PUCSORGTOP' undeclared (first use in this function)
header_variables.spec:249:18: error: 'PUCSORGBOTTOM' undeclared (first use in this function)
header_variables.spec:250:18: error: 'PUCSORGLEFT' undeclared (first use in this function)
header_variables.spec:251:18: error: 'PUCSORGRIGHT' undeclared (first use in this function)
header_variables.spec:252:18: error: 'PUCSORGFRONT' undeclared (first use in this function)
header_variables.spec:253:18: error: 'PUCSORGBACK' undeclared (first use in this function)
header_variables.spec:256:14: error: 'INSBASE_MSPACE' undeclared (first use in this function)
header_variables.spec:257:14: error: 'EXTMIN_MSPACE' undeclared (first use in this function)
header_variables.spec:258:14: error: 'EXTMAX_MSPACE' undeclared (first use in this function)
header_variables.spec:259:14: error: 'LIMMIN_MSPACE' undeclared (first use in this function)
header_variables.spec:260:14: error: 'LIMMAX_MSPACE' undeclared (first use in this function)
header_variables.spec:261:13: error: 'ELEVATION_MSPACE' undeclared (first use in this function)
header_variables.spec:262:14: error: 'UCSORG_MSPACE' undeclared (first use in this function)
header_variables.spec:263:14: error: 'UCSXDIR_MSPACE' undeclared (first use in this function)
header_variables.spec:264:14: error: 'UCSYDIR_MSPACE' undeclared (first use in this function)
header_variables.spec:265:17: error: 'UCSNAME_MSPACE' undeclared (first use in this function)
header_variables.spec:269:21: error: 'UCSBASE' undeclared (first use in this function)
header_variables.spec:270:17: error: 'UCSORTHOVIEW' undeclared (first use in this function)
header_variables.spec:271:21: error: 'UCSORTHOREF' undeclared (first use in this function)
header_variables.spec:272:18: error: 'UCSORGTOP' undeclared (first use in this function)
header_variables.spec:273:18: error: 'UCSORGBOTTOM' undeclared (first use in this function)
header_variables.spec:274:18: error: 'UCSORGLEFT' undeclared (first use in this function)
header_variables.spec:275:18: error: 'UCSORGRIGHT' undeclared (first use in this function)
header_variables.spec:276:18: error: 'UCSORGFRONT' undeclared (first use in this function)
header_variables.spec:277:18: error: 'UCSORGBACK' undeclared (first use in this function)
header_variables.spec:278:17: error: 'DIMPOST' undeclared (first use in this function)
header_variables.spec:279:17: error: 'DIMAPOST' undeclared (first use in this function)
header_variables.spec:284:16: error: 'DIMTOL' undeclared (first use in this function)
header_variables.spec:285:16: error: 'DIMLIM' undeclared (first use in this function)
header_variables.spec:286:16: error: 'DIMTIH' undeclared (first use in this function)
header_variables.spec:287:16: error: 'DIMTOH' undeclared (first use in this function)
header_variables.spec:288:16: error: 'DIMSE1' undeclared (first use in this function)
header_variables.spec:289:16: error: 'DIMSE2' undeclared (first use in this function)
header_variables.spec:290:16: error: 'DIMALT' undeclared (first use in this function)
header_variables.spec:291:16: error: 'DIMTOFL' undeclared (first use in this function)
header_variables.spec:292:16: error: 'DIMSAH' undeclared (first use in this function)
header_variables.spec:293:16: error: 'DIMTIX' undeclared (first use in this function)
header_variables.spec:294:16: error: 'DIMSOXD' undeclared (first use in this function)
header_variables.spec:295:17: error: 'DIMALTD' undeclared (first use in this function)
header_variables.spec:296:17: error: 'DIMZIN' undeclared (first use in this function)
header_variables.spec:297:16: error: 'DIMSD1' undeclared (first use in this function)
header_variables.spec:298:16: error: 'DIMSD2' undeclared (first use in this function)
header_variables.spec:299:17: error: 'DIMTOLJ' undeclared (first use in this function)
header_variables.spec:300:17: error: 'DIMJUST' undeclared (first use in this function)
header_variables.spec:301:17: error: 'DIMFIT' undeclared (first use in this function)
header_variables.spec:302:16: error: 'DIMUPT' undeclared (first use in this function)
header_variables.spec:303:17: error: 'DIMTZIN' undeclared (first use in this function)
header_variables.spec:304:17: error: 'DIMMALTZ' undeclared (first use in this function)
header_variables.spec:305:17: error: 'DIMMALTTZ' undeclared (first use in this function)
header_variables.spec:306:17: error: 'DIMTAD' undeclared (first use in this function)
header_variables.spec:307:17: error: 'DIMUNIT' undeclared (first use in this function)
header_variables.spec:308:17: error: 'DIMAUNIT' undeclared (first use in this function)
header_variables.spec:309:17: error: 'DIMDEC' undeclared (first use in this function)
header_variables.spec:310:17: error: 'DIMTDEC' undeclared (first use in this function)
header_variables.spec:311:17: error: 'DIMALTU' undeclared (first use in this function)
header_variables.spec:312:17: error: 'DIMALTTD' undeclared (first use in this function)
header_variables.spec:313:21: error: 'DIMTXSTY' undeclared (first use in this function)
header_variables.spec:316:13: error: 'DIMSCALE' undeclared (first use in this function)
header_variables.spec:317:13: error: 'DIMASZ' undeclared (first use in this function)
header_variables.spec:318:13: error: 'DIMEXO' undeclared (first use in this function)
header_variables.spec:319:13: error: 'DIMDLI' undeclared (first use in this function)
header_variables.spec:320:13: error: 'DIMEXE' undeclared (first use in this function)
header_variables.spec:321:13: error: 'DIMRND' undeclared (first use in this function)
header_variables.spec:322:13: error: 'DIMDLE' undeclared (first use in this function)
header_variables.spec:323:13: error: 'DIMMTP' undeclared (first use in this function)
header_variables.spec:324:13: error: 'DIMMTM' undeclared (first use in this function)
header_variables.spec:328:17: error: 'DIMFXL' undeclared (first use in this function)
header_variables.spec:329:17: error: 'DIMJOGANG' undeclared (first use in this function)
header_variables.spec:330:17: error: 'DIMTFILL' undeclared (first use in this function)
header_variables.spec:331:18: error: 'DIMTFILLCLR' undeclared (first use in this function)
header_variables.spec:344:17: error: 'DIMAZIN' undeclared (first use in this function)
header_variables.spec:349:17: error: 'DIMARCSYM' undeclared (first use in this function)
header_variables.spec:352:13: error: 'DIMTXT' undeclared (first use in this function)
header_variables.spec:353:13: error: 'DIMCEN' undeclared (first use in this function)
header_variables.spec:354:13: error: 'DIMTSZ' undeclared (first use in this function)
header_variables.spec:355:13: error: 'DIMALTF' undeclared (first use in this function)
header_variables.spec:356:13: error: 'DIMLFAC' undeclared (first use in this function)
header_variables.spec:357:13: error: 'DIMTVP' undeclared (first use in this function)
header_variables.spec:358:13: error: 'DIMTFAC' undeclared (first use in this function)
header_variables.spec:359:13: error: 'DIMGAP' undeclared (first use in this function)
header_variables.spec:363:16: error: 'DIMPOST_T' undeclared (first use in this function)
header_variables.spec:364:16: error: 'DIMAPOST_T' undeclared (first use in this function)
header_variables.spec:365:16: error: 'DIMBLK_T' undeclared (first use in this function)
header_variables.spec:366:16: error: 'DIMBLK1_T' undeclared (first use in this function)
header_variables.spec:367:16: error: 'DIMBLK2_T' undeclared (first use in this function)
header_variables.spec:372:17: error: 'DIMALTRND' undeclared (first use in this function)
header_variables.spec:381:14: error: 'DIMCLRD' undeclared (first use in this function)
header_variables.spec:382:14: error: 'DIMCLRE' undeclared (first use in this function)
header_variables.spec:383:14: error: 'DIMCLRT' undeclared (first use in this function)
header_variables.spec:387:17: error: 'DIMADEC' undeclared (first use in this function)
header_variables.spec:392:17: error: 'DIMFRAC' undeclared (first use in this function)
header_variables.spec:393:17: error: 'DIMLUNIT' undeclared (first use in this function)
header_variables.spec:394:17: error: 'DIMDSEP' undeclared (first use in this function)
header_variables.spec:395:17: error: 'DIMTMOVE' undeclared (first use in this function)
header_variables.spec:402:17: error: 'DIMALTZ' undeclared (first use in this function)
header_variables.spec:403:17: error: 'DIMALTTZ' undeclared (first use in this function)
header_variables.spec:405:17: error: 'DIMATFIT' undeclared (first use in this function)
header_variables.spec:410:16: error: 'DIMFXLON' undeclared (first use in this function)
header_variables.spec:415:21: error: 'DIMTXTSTY' undeclared (first use in this function)
header_variables.spec:416:21: error: 'DIMLDRBLK' undeclared (first use in this function)
header_variables.spec:417:21: error: 'DIMBLK' undeclared (first use in this function)
header_variables.spec:418:21: error: 'DIMBLK1' undeclared (first use in this function)
header_variables.spec:419:21: error: 'DIMBLK2' undeclared (first use in this function)
header_variables.spec:424:21: error: 'DIMLTYPE' undeclared (first use in this function)
header_variables.spec:425:21: error: 'DIMLTEX1' undeclared (first use in this function)
header_variables.spec:426:21: error: 'DIMLTEX2' undeclared (first use in this function)
header_variables.spec:431:17: error: 'DIMLWD' undeclared (first use in this function)
header_variables.spec:432:17: error: 'DIMLWE' undeclared (first use in this function)
header_variables.spec:435:17: error: 'BLOCK_CONTROL_OBJECT' undeclared (first use in this function)
header_variables.spec:436:17: error: 'LAYER_CONTROL_OBJECT' undeclared (first use in this function)
header_variables.spec:437:17: error: 'STYLE_CONTROL_OBJECT' undeclared (first use in this function)
header_variables.spec:438:17: error: 'LINETYPE_CONTROL_OBJECT' undeclared (first use in this function)
header_variables.spec:439:17: error: 'VIEW_CONTROL_OBJECT' undeclared (first use in this function)
header_variables.spec:440:17: error: 'UCS_CONTROL_OBJECT' undeclared (first use in this function)
header_variables.spec:441:17: error: 'VPORT_CONTROL_OBJECT' undeclared (first use in this function)
header_variables.spec:442:17: error: 'APPID_CONTROL_OBJECT' undeclared (first use in this function)
header_variables.spec:443:17: error: 'DIMSTYLE_CONTROL_OBJECT' undeclared (first use in this function)
header_variables.spec:447:21: error: 'VIEWPORT_ENTITY_HEADER_CONTROL_OBJECT' undeclared (first use in this function)
header_variables.spec:450:17: error: 'DICTIONARY_ACAD_GROUP' undeclared (first use in this function)
header_variables.spec:451:17: error: 'DICTIONARY_ACAD_MLINESTYLE' undeclared (first use in this function)
header_variables.spec:452:17: error: 'DICTIONARY_NAMED_OBJECTS' undeclared (first use in this function)
header_variables.spec:456:17: error: 'unknown_18' undeclared (first use in this function)
header_variables.spec:457:17: error: 'unknown_19' undeclared (first use in this function)
header_variables.spec:458:17: error: 'HYPERLINKBASE' undeclared (first use in this function)
header_variables.spec:459:17: error: 'STYLESHEET' undeclared (first use in this function)
header_variables.spec:460:21: error: 'DICTIONARY_LAYOUTS' undeclared (first use in this function)
header_variables.spec:461:21: error: 'DICTIONARY_PLOTSETTINGS' undeclared (first use in this function)
header_variables.spec:462:21: error: 'DICTIONARY_PLOTSTYLES' undeclared (first use in this function)
header_variables.spec:467:21: error: 'DICTIONARY_MATERIALS' undeclared (first use in this function)
header_variables.spec:468:21: error: 'DICTIONARY_COLORS' undeclared (first use in this function)
header_variables.spec:473:21: error: 'DICTIONARY_VISUALSTYLE' undeclared (first use in this function)
header_variables.spec:478:17: error: 'FLAGS' undeclared (first use in this function)
header_variables.spec:479:17: error: 'INSUNITS' undeclared (first use in this function)
header_variables.spec:480:17: error: 'CEPSNTYPE' undeclared (first use in this function)
header_variables.spec:483:25: error: 'CPSNID' undeclared (first use in this function)
header_variables.spec:485:17: error: 'FINGERPRINTGUID' undeclared (first use in this function)
header_variables.spec:486:17: error: 'VERSIONGUID' undeclared (first use in this function)
header_variables.spec:491:17: error: 'SORTENTS' undeclared (first use in this function)
header_variables.spec:492:17: error: 'IDEXCTL' undeclared (first use in this function)
header_variables.spec:493:17: error: 'HIDETEXT' undeclared (first use in this function)
header_variables.spec:494:17: error: 'XCLIPFRAME' undeclared (first use in this function)
header_variables.spec:495:17: error: 'DIMASSOC' undeclared (first use in this function)
header_variables.spec:496:17: error: 'HALOGAP' undeclared (first use in this function)
header_variables.spec:497:17: error: 'OBSCUREDCOLOR' undeclared (first use in this function)
header_variables.spec:498:17: error: 'INTERSECTIONCOLOR' undeclared (first use in this function)
header_variables.spec:499:17: error: 'OBSCUREDLTYPE' undeclared (first use in this function)
header_variables.spec:500:17: error: 'INTERSECTIONDISPLAY' undeclared (first use in this function)
header_variables.spec:501:17: error: 'PROJECTNAME' undeclared (first use in this function)
header_variables.spec:504:17: error: 'BLOCK_RECORD_PAPER_SPACE' undeclared (first use in this function)
header_variables.spec:505:17: error: 'BLOCK_RECORD_MODEL_SPACE' undeclared (first use in this function)
header_variables.spec:506:17: error: 'LTYPE_BYLAYER' undeclared (first use in this function)
header_variables.spec:507:17: error: 'LTYPE_BYBLOCK' undeclared (first use in this function)
header_variables.spec:508:17: error: 'LTYPE_CONTINUOUS' undeclared (first use in this function)
header_variables.spec:512:16: error: 'unknown_20' undeclared (first use in this function)
header_variables.spec:513:17: error: 'unknown_21' undeclared (first use in this function)
header_variables.spec:514:17: error: 'unknown_22' undeclared (first use in this function)
header_variables.spec:515:17: error: 'unknown_23' undeclared (first use in this function)
header_variables.spec:516:17: error: 'unknown_24' undeclared (first use in this function)
header_variables.spec:517:17: error: 'unknown_25' undeclared (first use in this function)
header_variables.spec:518:17: error: 'unknown_26' undeclared (first use in this function)
header_variables.spec:519:17: error: 'unknown_27' undeclared (first use in this function)
header_variables.spec:520:17: error: 'unknown_28' undeclared (first use in this function)
header_variables.spec:521:17: error: 'unknown_29' undeclared (first use in this function)
header_variables.spec:522:17: error: 'unknown_30' undeclared (first use in this function)
header_variables.spec:523:17: error: 'unknown_31' undeclared (first use in this function)
header_variables.spec:524:17: error: 'unknown_32' undeclared (first use in this function)
header_variables.spec:525:17: error: 'unknown_33' undeclared (first use in this function)
header_variables.spec:526:17: error: 'unknown_34' undeclared (first use in this function)
header_variables.spec:527:17: error: 'unknown_35' undeclared (first use in this function)
header_variables.spec:528:17: error: 'unknown_36' undeclared (first use in this function)
header_variables.spec:529:17: error: 'unknown_37' undeclared (first use in this function)
header_variables.spec:530:17: error: 'unknown_38' undeclared (first use in this function)
header_variables.spec:531:17: error: 'unknown_39' undeclared (first use in this function)
header_variables.spec:532:17: error: 'unknown_40' undeclared (first use in this function)
header_variables.spec:533:17: error: 'unknown_41' undeclared (first use in this function)
header_variables.spec:534:17: error: 'unknown_42' undeclared (first use in this function)
header_variables.spec:535:17: error: 'unknown_43' undeclared (first use in this function)
header_variables.spec:536:17: error: 'unknown_44' undeclared (first use in this function)
header_variables.spec:537:17: error: 'unknown_45' undeclared (first use in this function)
header_variables.spec:538:17: error: 'unknown_46' undeclared (first use in this function)
header_variables.spec:539:16: error: 'unknown_47' undeclared (first use in this function)
header_variables.spec:540:18: error: 'unknown_48' undeclared (first use in this function)
header_variables.spec:541:21: error: 'unknown_49' undeclared (first use in this function)
header_variables.spec:542:21: error: 'unknown_50' undeclared (first use in this function)
header_variables.spec:543:21: error: 'unknown_51' undeclared (first use in this function)
header_variables.spec:544:17: error: 'unknown_52' undeclared (first use in this function)
header_variables.spec:545:17: error: 'unknown_53' undeclared (first use in this function)
header_variables.spec:550:17: error: 'unknown_54' undeclared (first use in this function)
header_variables.spec:551:17: error: 'unknown_55' undeclared (first use in this function)
header_variables.spec:552:17: error: 'unknown_56' undeclared (first use in this function)
header_variables.spec:553:17: error: 'unknown_57' undeclared (first use in this function)
header_variables.spec:556:13: error: 'CRC' undeclared (first use in this function)
object.c: In function 'read_R13_R15_section_header':
object.c:58:3: error: expected ';' before 'LOG_INFO'
object.c:66:3: error: expected ';' before 'dat'
object.c:81:7: warning: 'return' with a value, in function returning void [enabled by default]
object.c: In function 'dwg_decode_add_object':
object.c:138:7: error: 'loglevel' undeclared (first use in this function)
object.c:142:3: error: expected ';' before 'obj'
object.c:160:3: error: expected ';' before 'switch'
In file included from object.c:24:0:
object.c: At top level:
decode_r2004.h:58:1: warning: 'read_2004_compressed_section' used but never defined [enabled by default]
make[1]: *** [object.lo] Error 1
make[1]: Leaving directory `/home/avneet/libredwg/src'
make: *** [install-recursive] Error 1
